{"C:\\Users\\ouali\\SmartM\\src\\components\\sync\\index.ts": {"path":"C:\\Users\\ouali\\SmartM\\src\\components\\sync\\index.ts","statementMap":{"0":{"start":{"line":2,"column":0},"end":{"line":2,"column":29}},"1":{"start":{"line":3,"column":0},"end":{"line":3,"column":32}},"2":{"start":{"line":4,"column":0},"end":{"line":4,"column":32}},"3":{"start":{"line":5,"column":0},"end":{"line":5,"column":37}},"4":{"start":{"line":6,"column":0},"end":{"line":6,"column":31}}},"fnMap":{},"branchMap":{},"s":{"0":0,"1":0,"2":0,"3":0,"4":0},"f":{},"b":{}}
,"C:\\Users\\ouali\\SmartM\\src\\hooks\\use-mobile.tsx": {"path":"C:\\Users\\ouali\\SmartM\\src\\hooks\\use-mobile.tsx","statementMap":{"0":{"start":{"line":6,"column":0},"end":{"line":6,"column":16}},"1":{"start":{"line":46,"column":0},"end":{"line":46,"column":16}},"2":{"start":{"line":89,"column":0},"end":{"line":89,"column":16}},"3":{"start":{"line":2,"column":0},"end":{"line":2,"column":30}},"4":{"start":{"line":4,"column":26},"end":{"line":4,"column":29}},"5":{"start":{"line":7,"column":34},"end":{"line":7,"column":63}},"6":{"start":{"line":8,"column":40},"end":{"line":8,"column":70}},"7":{"start":{"line":9,"column":42},"end":{"line":9,"column":72}},"8":{"start":{"line":11,"column":2},"end":{"line":39,"column":null}},"9":{"start":{"line":13,"column":16},"end":{"line":13,"column":76}},"10":{"start":{"line":14,"column":21},"end":{"line":16,"column":5}},"11":{"start":{"line":15,"column":6},"end":{"line":15,"column":null}},"12":{"start":{"line":17,"column":4},"end":{"line":17,"column":null}},"13":{"start":{"line":18,"column":4},"end":{"line":18,"column":null}},"14":{"start":{"line":21,"column":26},"end":{"line":24,"column":5}},"15":{"start":{"line":22,"column":6},"end":{"line":23,"column":null}},"16":{"start":{"line":25,"column":4},"end":{"line":25,"column":null}},"17":{"start":{"line":28,"column":27},"end":{"line":35,"column":5}},"18":{"start":{"line":29,"column":6},"end":{"line":34,"column":7}},"19":{"start":{"line":30,"column":30},"end":{"line":30,"column":61}},"20":{"start":{"line":31,"column":8},"end":{"line":31,"column":null}},"21":{"start":{"line":33,"column":8},"end":{"line":33,"column":null}},"22":{"start":{"line":36,"column":4},"end":{"line":36,"column":null}},"23":{"start":{"line":38,"column":4},"end":{"line":38,"column":null}},"24":{"start":{"line":38,"column":17},"end":{"line":38,"column":60}},"25":{"start":{"line":42,"column":2},"end":{"line":42,"column":null}},"26":{"start":{"line":47,"column":34},"end":{"line":47,"column":63}},"27":{"start":{"line":48,"column":40},"end":{"line":48,"column":70}},"28":{"start":{"line":49,"column":42},"end":{"line":49,"column":72}},"29":{"start":{"line":51,"column":2},"end":{"line":79,"column":null}},"30":{"start":{"line":53,"column":16},"end":{"line":53,"column":76}},"31":{"start":{"line":54,"column":21},"end":{"line":56,"column":5}},"32":{"start":{"line":55,"column":6},"end":{"line":55,"column":null}},"33":{"start":{"line":57,"column":4},"end":{"line":57,"column":null}},"34":{"start":{"line":58,"column":4},"end":{"line":58,"column":null}},"35":{"start":{"line":61,"column":26},"end":{"line":64,"column":5}},"36":{"start":{"line":62,"column":6},"end":{"line":63,"column":null}},"37":{"start":{"line":65,"column":4},"end":{"line":65,"column":null}},"38":{"start":{"line":68,"column":27},"end":{"line":75,"column":5}},"39":{"start":{"line":69,"column":6},"end":{"line":74,"column":7}},"40":{"start":{"line":70,"column":30},"end":{"line":70,"column":61}},"41":{"start":{"line":71,"column":8},"end":{"line":71,"column":null}},"42":{"start":{"line":73,"column":8},"end":{"line":73,"column":null}},"43":{"start":{"line":76,"column":4},"end":{"line":76,"column":null}},"44":{"start":{"line":78,"column":4},"end":{"line":78,"column":null}},"45":{"start":{"line":78,"column":17},"end":{"line":78,"column":60}},"46":{"start":{"line":81,"column":2},"end":{"line":85,"column":null}},"47":{"start":{"line":90,"column":34},"end":{"line":90,"column":82}},"48":{"start":{"line":92,"column":2},"end":{"line":109,"column":null}},"49":{"start":{"line":93,"column":27},"end":{"line":106,"column":5}},"50":{"start":{"line":94,"column":6},"end":{"line":105,"column":7}},"51":{"start":{"line":95,"column":30},"end":{"line":95,"column":61}},"52":{"start":{"line":96,"column":8},"end":{"line":102,"column":9}},"53":{"start":{"line":97,"column":10},"end":{"line":101,"column":11}},"54":{"start":{"line":98,"column":12},"end":{"line":98,"column":null}},"55":{"start":{"line":99,"column":17},"end":{"line":101,"column":11}},"56":{"start":{"line":100,"column":12},"end":{"line":100,"column":null}},"57":{"start":{"line":104,"column":8},"end":{"line":104,"column":null}},"58":{"start":{"line":108,"column":4},"end":{"line":108,"column":null}},"59":{"start":{"line":111,"column":2},"end":{"line":111,"column":null}}},"fnMap":{"0":{"name":"useIsMobile","decl":{"start":{"line":6,"column":16},"end":{"line":6,"column":27}},"loc":{"start":{"line":6,"column":27},"end":{"line":43,"column":1}}},"1":{"name":"(anonymous_10)","decl":{"start":{"line":11,"column":18},"end":{"line":11,"column":21}},"loc":{"start":{"line":11,"column":23},"end":{"line":39,"column":3}}},"2":{"name":"(anonymous_11)","decl":{"start":{"line":14,"column":21},"end":{"line":14,"column":24}},"loc":{"start":{"line":14,"column":26},"end":{"line":16,"column":5}}},"3":{"name":"(anonymous_12)","decl":{"start":{"line":21,"column":26},"end":{"line":21,"column":29}},"loc":{"start":{"line":21,"column":31},"end":{"line":24,"column":5}}},"4":{"name":"(anonymous_13)","decl":{"start":{"line":28,"column":27},"end":{"line":28,"column":32}},"loc":{"start":{"line":28,"column":38},"end":{"line":35,"column":5}}},"5":{"name":"(anonymous_14)","decl":{"start":{"line":30,"column":30},"end":{"line":30,"column":43}},"loc":{"start":{"line":30,"column":30},"end":{"line":30,"column":61}}},"6":{"name":"(anonymous_15)","decl":{"start":{"line":38,"column":11},"end":{"line":38,"column":14}},"loc":{"start":{"line":38,"column":17},"end":{"line":38,"column":60}}},"7":{"name":"useMobileDetails","decl":{"start":{"line":46,"column":16},"end":{"line":46,"column":32}},"loc":{"start":{"line":46,"column":32},"end":{"line":86,"column":1}}},"8":{"name":"(anonymous_17)","decl":{"start":{"line":51,"column":18},"end":{"line":51,"column":21}},"loc":{"start":{"line":51,"column":23},"end":{"line":79,"column":3}}},"9":{"name":"(anonymous_18)","decl":{"start":{"line":54,"column":21},"end":{"line":54,"column":24}},"loc":{"start":{"line":54,"column":26},"end":{"line":56,"column":5}}},"10":{"name":"(anonymous_19)","decl":{"start":{"line":61,"column":26},"end":{"line":61,"column":29}},"loc":{"start":{"line":61,"column":31},"end":{"line":64,"column":5}}},"11":{"name":"(anonymous_20)","decl":{"start":{"line":68,"column":27},"end":{"line":68,"column":32}},"loc":{"start":{"line":68,"column":38},"end":{"line":75,"column":5}}},"12":{"name":"(anonymous_21)","decl":{"start":{"line":70,"column":30},"end":{"line":70,"column":43}},"loc":{"start":{"line":70,"column":30},"end":{"line":70,"column":61}}},"13":{"name":"(anonymous_22)","decl":{"start":{"line":78,"column":11},"end":{"line":78,"column":14}},"loc":{"start":{"line":78,"column":17},"end":{"line":78,"column":60}}},"14":{"name":"usePlatform","decl":{"start":{"line":89,"column":16},"end":{"line":89,"column":27}},"loc":{"start":{"line":89,"column":27},"end":{"line":112,"column":1}}},"15":{"name":"(anonymous_24)","decl":{"start":{"line":92,"column":18},"end":{"line":92,"column":21}},"loc":{"start":{"line":92,"column":23},"end":{"line":109,"column":3}}},"16":{"name":"(anonymous_25)","decl":{"start":{"line":93,"column":27},"end":{"line":93,"column":32}},"loc":{"start":{"line":93,"column":38},"end":{"line":106,"column":5}}},"17":{"name":"(anonymous_26)","decl":{"start":{"line":95,"column":30},"end":{"line":95,"column":43}},"loc":{"start":{"line":95,"column":30},"end":{"line":95,"column":61}}}},"branchMap":{"0":{"loc":{"start":{"line":22,"column":14},"end":{"line":23,"column":38}},"type":"binary-expr","locations":[{"start":{"line":22,"column":15},"end":{"line":22,"column":39}},{"start":{"line":23,"column":9},"end":{"line":23,"column":37}}]},"1":{"loc":{"start":{"line":62,"column":14},"end":{"line":63,"column":38}},"type":"binary-expr","locations":[{"start":{"line":62,"column":15},"end":{"line":62,"column":39}},{"start":{"line":63,"column":9},"end":{"line":63,"column":37}}]},"2":{"loc":{"start":{"line":96,"column":8},"end":{"line":102,"column":9}},"type":"if","locations":[{"start":{"line":96,"column":8},"end":{"line":102,"column":9}}]},"3":{"loc":{"start":{"line":97,"column":10},"end":{"line":101,"column":11}},"type":"if","locations":[{"start":{"line":97,"column":10},"end":{"line":101,"column":11}},{"start":{"line":99,"column":17},"end":{"line":101,"column":11}}]},"4":{"loc":{"start":{"line":99,"column":17},"end":{"line":101,"column":11}},"type":"if","locations":[{"start":{"line":99,"column":17},"end":{"line":101,"column":11}}]}},"s":{"0":0,"1":0,"2":0,"3":0,"4":0,"5":0,"6":0,"7":0,"8":0,"9":0,"10":0,"11":0,"12":0,"13":0,"14":0,"15":0,"16":0,"17":0,"18":0,"19":0,"20":0,"21":0,"22":0,"23":0,"24":0,"25":0,"26":0,"27":0,"28":0,"29":0,"30":0,"31":0,"32":0,"33":0,"34":0,"35":0,"36":0,"37":0,"38":0,"39":0,"40":0,"41":0,"42":0,"43":0,"44":0,"45":0,"46":0,"47":0,"48":0,"49":0,"50":0,"51":0,"52":0,"53":0,"54":0,"55":0,"56":0,"57":0,"58":0,"59":0},"f":{"0":0,"1":0,"2":0,"3":0,"4":0,"5":0,"6":0,"7":0,"8":0,"9":0,"10":0,"11":0,"12":0,"13":0,"14":0,"15":0,"16":0,"17":0},"b":{"0":[0,0],"1":[0,0],"2":[0],"3":[0,0],"4":[0]}}
,"C:\\Users\\ouali\\SmartM\\src\\hooks\\use-platform.ts": {"path":"C:\\Users\\ouali\\SmartM\\src\\hooks\\use-platform.ts","statementMap":{"0":{"start":{"line":6,"column":0},"end":{"line":6,"column":16}},"1":{"start":{"line":36,"column":0},"end":{"line":36,"column":16}},"2":{"start":{"line":40,"column":0},"end":{"line":40,"column":16}},"3":{"start":{"line":44,"column":0},"end":{"line":44,"column":16}},"4":{"start":{"line":2,"column":0},"end":{"line":2,"column":44}},"5":{"start":{"line":7,"column":34},"end":{"line":7,"column":59}},"6":{"start":{"line":9,"column":2},"end":{"line":30,"column":9}},"7":{"start":{"line":10,"column":27},"end":{"line":27,"column":5}},"8":{"start":{"line":11,"column":6},"end":{"line":26,"column":7}},"9":{"start":{"line":13,"column":30},"end":{"line":13,"column":61}},"10":{"start":{"line":15,"column":8},"end":{"line":21,"column":9}},"11":{"start":{"line":16,"column":10},"end":{"line":20,"column":11}},"12":{"start":{"line":17,"column":12},"end":{"line":17,"column":31}},"13":{"start":{"line":18,"column":17},"end":{"line":20,"column":11}},"14":{"start":{"line":19,"column":12},"end":{"line":19,"column":35}},"15":{"start":{"line":23,"column":8},"end":{"line":23,"column":58}},"16":{"start":{"line":25,"column":8},"end":{"line":25,"column":27}},"17":{"start":{"line":29,"column":4},"end":{"line":29,"column":21}},"18":{"start":{"line":32,"column":2},"end":{"line":32,"column":18}},"19":{"start":{"line":37,"column":2},"end":{"line":37,"column":54}},"20":{"start":{"line":41,"column":2},"end":{"line":41,"column":28}},"21":{"start":{"line":45,"column":2},"end":{"line":45,"column":32}}},"fnMap":{"0":{"name":"usePlatform","decl":{"start":{"line":6,"column":16},"end":{"line":6,"column":27}},"loc":{"start":{"line":6,"column":27},"end":{"line":33,"column":1}}},"1":{"name":"(anonymous_10)","decl":{"start":{"line":9,"column":12},"end":{"line":9,"column":15}},"loc":{"start":{"line":9,"column":17},"end":{"line":30,"column":3}}},"2":{"name":"(anonymous_11)","decl":{"start":{"line":10,"column":27},"end":{"line":10,"column":32}},"loc":{"start":{"line":10,"column":38},"end":{"line":27,"column":5}}},"3":{"name":"(anonymous_12)","decl":{"start":{"line":13,"column":30},"end":{"line":13,"column":43}},"loc":{"start":{"line":13,"column":30},"end":{"line":13,"column":61}}},"4":{"name":"isNative","decl":{"start":{"line":36,"column":16},"end":{"line":36,"column":24}},"loc":{"start":{"line":36,"column":43},"end":{"line":38,"column":1}}},"5":{"name":"isIOS","decl":{"start":{"line":40,"column":16},"end":{"line":40,"column":21}},"loc":{"start":{"line":40,"column":40},"end":{"line":42,"column":1}}},"6":{"name":"isAndroid","decl":{"start":{"line":44,"column":16},"end":{"line":44,"column":25}},"loc":{"start":{"line":44,"column":44},"end":{"line":46,"column":1}}}},"branchMap":{"0":{"loc":{"start":{"line":15,"column":8},"end":{"line":21,"column":9}},"type":"if","locations":[{"start":{"line":15,"column":8},"end":{"line":21,"column":9}}]},"1":{"loc":{"start":{"line":16,"column":10},"end":{"line":20,"column":11}},"type":"if","locations":[{"start":{"line":16,"column":10},"end":{"line":20,"column":11}},{"start":{"line":18,"column":17},"end":{"line":20,"column":11}}]},"2":{"loc":{"start":{"line":18,"column":17},"end":{"line":20,"column":11}},"type":"if","locations":[{"start":{"line":18,"column":17},"end":{"line":20,"column":11}}]},"3":{"loc":{"start":{"line":37,"column":9},"end":{"line":37,"column":53}},"type":"binary-expr","locations":[{"start":{"line":37,"column":9},"end":{"line":37,"column":27}},{"start":{"line":37,"column":31},"end":{"line":37,"column":53}}]}},"s":{"0":0,"1":0,"2":0,"3":0,"4":0,"5":0,"6":0,"7":0,"8":0,"9":0,"10":0,"11":0,"12":0,"13":0,"14":0,"15":0,"16":0,"17":0,"18":0,"19":0,"20":0,"21":0},"f":{"0":0,"1":0,"2":0,"3":0,"4":0,"5":0,"6":0},"b":{"0":[0],"1":[0,0],"2":[0],"3":[0,0]}}
,"C:\\Users\\ouali\\SmartM\\src\\hooks\\use-toast.ts": {"path":"C:\\Users\\ouali\\SmartM\\src\\hooks\\use-toast.ts","statementMap":{"0":{"start":{"line":192,"column":9},"end":{"line":192,"column":17}},"1":{"start":{"line":192,"column":19},"end":{"line":192,"column":24}},"2":{"start":{"line":2,"column":0},"end":{"line":2,"column":30}},"3":{"start":{"line":9,"column":20},"end":{"line":9,"column":21}},"4":{"start":{"line":10,"column":27},"end":{"line":10,"column":31}},"5":{"start":{"line":19,"column":20},"end":{"line":24,"column":null}},"6":{"start":{"line":26,"column":12},"end":{"line":26,"column":13}},"7":{"start":{"line":29,"column":2},"end":{"line":29,"column":null}},"8":{"start":{"line":30,"column":2},"end":{"line":30,"column":null}},"9":{"start":{"line":57,"column":22},"end":{"line":57,"column":70}},"10":{"start":{"line":59,"column":25},"end":{"line":73,"column":1}},"11":{"start":{"line":60,"column":2},"end":{"line":62,"column":3}},"12":{"start":{"line":61,"column":4},"end":{"line":61,"column":10}},"13":{"start":{"line":64,"column":18},"end":{"line":70,"column":24}},"14":{"start":{"line":65,"column":4},"end":{"line":65,"column":null}},"15":{"start":{"line":66,"column":4},"end":{"line":69,"column":null}},"16":{"start":{"line":72,"column":2},"end":{"line":72,"column":null}},"17":{"start":{"line":75,"column":23},"end":{"line":128,"column":1}},"18":{"start":{"line":76,"column":2},"end":{"line":127,"column":3}},"19":{"start":{"line":78,"column":6},"end":{"line":81,"column":null}},"20":{"start":{"line":84,"column":6},"end":{"line":89,"column":null}},"21":{"start":{"line":87,"column":10},"end":{"line":87,"column":66}},"22":{"start":{"line":92,"column":26},"end":{"line":92,"column":32}},"23":{"start":{"line":96,"column":6},"end":{"line":102,"column":7}},"24":{"start":{"line":97,"column":8},"end":{"line":97,"column":null}},"25":{"start":{"line":99,"column":8},"end":{"line":101,"column":null}},"26":{"start":{"line":100,"column":10},"end":{"line":100,"column":null}},"27":{"start":{"line":104,"column":6},"end":{"line":114,"column":null}},"28":{"start":{"line":107,"column":10},"end":{"line":112,"column":15}},"29":{"start":{"line":117,"column":6},"end":{"line":122,"column":7}},"30":{"start":{"line":118,"column":8},"end":{"line":121,"column":null}},"31":{"start":{"line":123,"column":6},"end":{"line":126,"column":null}},"32":{"start":{"line":125,"column":43},"end":{"line":125,"column":66}},"33":{"start":{"line":75,"column":13},"end":{"line":75,"column":23}},"34":{"start":{"line":130,"column":49},"end":{"line":130,"column":51}},"35":{"start":{"line":132,"column":25},"end":{"line":132,"column":39}},"36":{"start":{"line":135,"column":2},"end":{"line":135,"column":null}},"37":{"start":{"line":136,"column":2},"end":{"line":138,"column":null}},"38":{"start":{"line":137,"column":4},"end":{"line":137,"column":null}},"39":{"start":{"line":144,"column":13},"end":{"line":144,"column":20}},"40":{"start":{"line":146,"column":17},"end":{"line":150,"column":6}},"41":{"start":{"line":147,"column":4},"end":{"line":150,"column":6}},"42":{"start":{"line":151,"column":18},"end":{"line":151,"column":72}},"43":{"start":{"line":151,"column":24},"end":{"line":151,"column":72}},"44":{"start":{"line":153,"column":2},"end":{"line":163,"column":null}},"45":{"start":{"line":160,"column":8},"end":{"line":160,"column":null}},"46":{"start":{"line":160,"column":19},"end":{"line":160,"column":null}},"47":{"start":{"line":165,"column":2},"end":{"line":169,"column":null}},"48":{"start":{"line":173,"column":28},"end":{"line":173,"column":62}},"49":{"start":{"line":175,"column":2},"end":{"line":183,"column":null}},"50":{"start":{"line":176,"column":4},"end":{"line":176,"column":null}},"51":{"start":{"line":177,"column":4},"end":{"line":182,"column":null}},"52":{"start":{"line":178,"column":20},"end":{"line":178,"column":47}},"53":{"start":{"line":179,"column":6},"end":{"line":181,"column":7}},"54":{"start":{"line":180,"column":8},"end":{"line":180,"column":null}},"55":{"start":{"line":185,"column":2},"end":{"line":189,"column":null}},"56":{"start":{"line":188,"column":35},"end":{"line":188,"column":79}}},"fnMap":{"0":{"name":"genId","decl":{"start":{"line":28,"column":9},"end":{"line":28,"column":14}},"loc":{"start":{"line":28,"column":14},"end":{"line":31,"column":1}}},"1":{"name":"(anonymous_10)","decl":{"start":{"line":59,"column":25},"end":{"line":59,"column":26}},"loc":{"start":{"line":59,"column":45},"end":{"line":73,"column":1}}},"2":{"name":"(anonymous_11)","decl":{"start":{"line":64,"column":29},"end":{"line":64,"column":32}},"loc":{"start":{"line":64,"column":34},"end":{"line":70,"column":3}}},"3":{"name":"(anonymous_12)","decl":{"start":{"line":75,"column":23},"end":{"line":75,"column":24}},"loc":{"start":{"line":75,"column":63},"end":{"line":128,"column":1}}},"4":{"name":"(anonymous_13)","decl":{"start":{"line":86,"column":33},"end":{"line":86,"column":34}},"loc":{"start":{"line":87,"column":10},"end":{"line":87,"column":66}}},"5":{"name":"(anonymous_14)","decl":{"start":{"line":99,"column":29},"end":{"line":99,"column":30}},"loc":{"start":{"line":99,"column":39},"end":{"line":101,"column":9}}},"6":{"name":"(anonymous_15)","decl":{"start":{"line":106,"column":33},"end":{"line":106,"column":34}},"loc":{"start":{"line":107,"column":10},"end":{"line":112,"column":15}}},"7":{"name":"(anonymous_16)","decl":{"start":{"line":125,"column":36},"end":{"line":125,"column":37}},"loc":{"start":{"line":125,"column":43},"end":{"line":125,"column":66}}},"8":{"name":"dispatch","decl":{"start":{"line":134,"column":9},"end":{"line":134,"column":17}},"loc":{"start":{"line":134,"column":32},"end":{"line":139,"column":1}}},"9":{"name":"(anonymous_18)","decl":{"start":{"line":136,"column":20},"end":{"line":136,"column":21}},"loc":{"start":{"line":136,"column":33},"end":{"line":138,"column":3}}},"10":{"name":"toast","decl":{"start":{"line":143,"column":9},"end":{"line":143,"column":14}},"loc":{"start":{"line":143,"column":34},"end":{"line":170,"column":1}}},"11":{"name":"(anonymous_20)","decl":{"start":{"line":146,"column":17},"end":{"line":146,"column":18}},"loc":{"start":{"line":147,"column":4},"end":{"line":150,"column":6}}},"12":{"name":"(anonymous_21)","decl":{"start":{"line":151,"column":18},"end":{"line":151,"column":21}},"loc":{"start":{"line":151,"column":24},"end":{"line":151,"column":72}}},"13":{"name":"(anonymous_22)","decl":{"start":{"line":159,"column":20},"end":{"line":159,"column":21}},"loc":{"start":{"line":159,"column":29},"end":{"line":161,"column":7}}},"14":{"name":"useToast","decl":{"start":{"line":172,"column":9},"end":{"line":172,"column":17}},"loc":{"start":{"line":172,"column":17},"end":{"line":190,"column":1}}},"15":{"name":"(anonymous_24)","decl":{"start":{"line":175,"column":18},"end":{"line":175,"column":21}},"loc":{"start":{"line":175,"column":23},"end":{"line":183,"column":3}}},"16":{"name":"(anonymous_25)","decl":{"start":{"line":177,"column":11},"end":{"line":177,"column":14}},"loc":{"start":{"line":177,"column":16},"end":{"line":182,"column":5}}},"17":{"name":"(anonymous_26)","decl":{"start":{"line":188,"column":13},"end":{"line":188,"column":14}},"loc":{"start":{"line":188,"column":35},"end":{"line":188,"column":79}}}},"branchMap":{"0":{"loc":{"start":{"line":60,"column":2},"end":{"line":62,"column":3}},"type":"if","locations":[{"start":{"line":60,"column":2},"end":{"line":62,"column":3}}]},"1":{"loc":{"start":{"line":76,"column":2},"end":{"line":127,"column":3}},"type":"switch","locations":[{"start":{"line":77,"column":4},"end":{"line":81,"column":null}},{"start":{"line":83,"column":4},"end":{"line":89,"column":null}},{"start":{"line":91,"column":4},"end":{"line":115,"column":5}},{"start":{"line":116,"column":4},"end":{"line":126,"column":null}}]},"2":{"loc":{"start":{"line":87,"column":10},"end":{"line":87,"column":66}},"type":"cond-expr","locations":[{"start":{"line":87,"column":37},"end":{"line":87,"column":62}},{"start":{"line":87,"column":65},"end":{"line":87,"column":66}}]},"3":{"loc":{"start":{"line":96,"column":6},"end":{"line":102,"column":7}},"type":"if","locations":[{"start":{"line":96,"column":6},"end":{"line":102,"column":7}},{"start":{"line":98,"column":13},"end":{"line":102,"column":7}}]},"4":{"loc":{"start":{"line":107,"column":10},"end":{"line":112,"column":15}},"type":"cond-expr","locations":[{"start":{"line":108,"column":14},"end":{"line":111,"column":null}},{"start":{"line":112,"column":14},"end":{"line":112,"column":15}}]},"5":{"loc":{"start":{"line":107,"column":10},"end":{"line":107,"column":51}},"type":"binary-expr","locations":[{"start":{"line":107,"column":10},"end":{"line":107,"column":26}},{"start":{"line":107,"column":30},"end":{"line":107,"column":51}}]},"6":{"loc":{"start":{"line":117,"column":6},"end":{"line":122,"column":7}},"type":"if","locations":[{"start":{"line":117,"column":6},"end":{"line":122,"column":7}}]},"7":{"loc":{"start":{"line":160,"column":8},"end":{"line":160,"column":null}},"type":"if","locations":[{"start":{"line":160,"column":8},"end":{"line":160,"column":null}}]},"8":{"loc":{"start":{"line":179,"column":6},"end":{"line":181,"column":7}},"type":"if","locations":[{"start":{"line":179,"column":6},"end":{"line":181,"column":7}}]}},"s":{"0":0,"1":0,"2":0,"3":0,"4":0,"5":0,"6":0,"7":0,"8":0,"9":0,"10":0,"11":0,"12":0,"13":0,"14":0,"15":0,"16":0,"17":0,"18":0,"19":0,"20":0,"21":0,"22":0,"23":0,"24":0,"25":0,"26":0,"27":0,"28":0,"29":0,"30":0,"31":0,"32":0,"33":0,"34":0,"35":0,"36":0,"37":0,"38":0,"39":0,"40":0,"41":0,"42":0,"43":0,"44":0,"45":0,"46":0,"47":0,"48":0,"49":0,"50":0,"51":0,"52":0,"53":0,"54":0,"55":0,"56":0},"f":{"0":0,"1":0,"2":0,"3":0,"4":0,"5":0,"6":0,"7":0,"8":0,"9":0,"10":0,"11":0,"12":0,"13":0,"14":0,"15":0,"16":0,"17":0},"b":{"0":[0],"1":[0,0,0,0],"2":[0,0],"3":[0,0],"4":[0,0],"5":[0,0],"6":[0],"7":[0],"8":[0]}}
,"C:\\Users\\ouali\\SmartM\\src\\hooks\\useSync.tsx": {"path":"C:\\Users\\ouali\\SmartM\\src\\hooks\\useSync.tsx","statementMap":{"0":{"start":{"line":2,"column":0},"end":{"line":2,"column":65}},"1":{"start":{"line":3,"column":0},"end":{"line":3,"column":null}},"2":{"start":{"line":10,"column":0},"end":{"line":10,"column":45}},"3":{"start":{"line":11,"column":0},"end":{"line":11,"column":57}},"4":{"start":{"line":13,"column":23},"end":{"line":142,"column":1}},"5":{"start":{"line":14,"column":36},"end":{"line":14,"column":71}},"6":{"start":{"line":15,"column":36},"end":{"line":15,"column":51}},"7":{"start":{"line":16,"column":20},"end":{"line":16,"column":30}},"8":{"start":{"line":17,"column":16},"end":{"line":17,"column":29}},"9":{"start":{"line":18,"column":30},"end":{"line":18,"column":57}},"10":{"start":{"line":21,"column":27},"end":{"line":23,"column":8}},"11":{"start":{"line":22,"column":4},"end":{"line":22,"column":33}},"12":{"start":{"line":26,"column":22},"end":{"line":84,"column":3}},"13":{"start":{"line":27,"column":4},"end":{"line":27,"column":32}},"14":{"start":{"line":27,"column":19},"end":{"line":27,"column":32}},"15":{"start":{"line":29,"column":4},"end":{"line":83,"column":5}},"16":{"start":{"line":30,"column":6},"end":{"line":30,"column":25}},"17":{"start":{"line":33,"column":26},"end":{"line":37,"column":48}},"18":{"start":{"line":36,"column":37},"end":{"line":36,"column":68}},"19":{"start":{"line":37,"column":29},"end":{"line":37,"column":47}},"20":{"start":{"line":39,"column":6},"end":{"line":47,"column":7}},"21":{"start":{"line":40,"column":8},"end":{"line":44,"column":11}},"22":{"start":{"line":45,"column":8},"end":{"line":45,"column":28}},"23":{"start":{"line":46,"column":8},"end":{"line":46,"column":20}},"24":{"start":{"line":49,"column":22},"end":{"line":49,"column":59}},"25":{"start":{"line":51,"column":6},"end":{"line":66,"column":7}},"26":{"start":{"line":52,"column":8},"end":{"line":59,"column":11}},"27":{"start":{"line":61,"column":8},"end":{"line":65,"column":11}},"28":{"start":{"line":68,"column":6},"end":{"line":68,"column":25}},"29":{"start":{"line":69,"column":6},"end":{"line":69,"column":21}},"30":{"start":{"line":71,"column":6},"end":{"line":71,"column":65}},"31":{"start":{"line":72,"column":6},"end":{"line":79,"column":9}},"32":{"start":{"line":80,"column":6},"end":{"line":80,"column":19}},"33":{"start":{"line":82,"column":6},"end":{"line":82,"column":26}},"34":{"start":{"line":87,"column":30},"end":{"line":90,"column":24}},"35":{"start":{"line":88,"column":4},"end":{"line":88,"column":52}},"36":{"start":{"line":89,"column":4},"end":{"line":89,"column":23}},"37":{"start":{"line":93,"column":2},"end":{"line":124,"column":100}},"38":{"start":{"line":95,"column":4},"end":{"line":98,"column":5}},"39":{"start":{"line":96,"column":6},"end":{"line":96,"column":56}},"40":{"start":{"line":97,"column":6},"end":{"line":97,"column":41}},"41":{"start":{"line":101,"column":4},"end":{"line":115,"column":5}},"42":{"start":{"line":102,"column":25},"end":{"line":102,"column":60}},"43":{"start":{"line":104,"column":6},"end":{"line":110,"column":21}},"44":{"start":{"line":106,"column":8},"end":{"line":109,"column":9}},"45":{"start":{"line":107,"column":10},"end":{"line":107,"column":118}},"46":{"start":{"line":108,"column":10},"end":{"line":108,"column":24}},"47":{"start":{"line":112,"column":6},"end":{"line":112,"column":100}},"48":{"start":{"line":114,"column":6},"end":{"line":114,"column":67}},"49":{"start":{"line":118,"column":4},"end":{"line":123,"column":6}},"50":{"start":{"line":119,"column":6},"end":{"line":122,"column":7}},"51":{"start":{"line":120,"column":8},"end":{"line":120,"column":58}},"52":{"start":{"line":121,"column":8},"end":{"line":121,"column":43}},"53":{"start":{"line":127,"column":2},"end":{"line":133,"column":25}},"54":{"start":{"line":128,"column":4},"end":{"line":128,"column":23}},"55":{"start":{"line":130,"column":21},"end":{"line":130,"column":57}},"56":{"start":{"line":132,"column":4},"end":{"line":132,"column":41}},"57":{"start":{"line":132,"column":17},"end":{"line":132,"column":40}},"58":{"start":{"line":135,"column":2},"end":{"line":141,"column":4}},"59":{"start":{"line":13,"column":13},"end":{"line":13,"column":23}}},"fnMap":{"0":{"name":"(anonymous_0)","decl":{"start":{"line":13,"column":23},"end":{"line":13,"column":26}},"loc":{"start":{"line":13,"column":28},"end":{"line":142,"column":1}}},"1":{"name":"(anonymous_1)","decl":{"start":{"line":21,"column":39},"end":{"line":21,"column":42}},"loc":{"start":{"line":21,"column":44},"end":{"line":23,"column":3}}},"2":{"name":"(anonymous_2)","decl":{"start":{"line":26,"column":22},"end":{"line":26,"column":27}},"loc":{"start":{"line":26,"column":100},"end":{"line":84,"column":3}}},"3":{"name":"(anonymous_3)","decl":{"start":{"line":36,"column":20},"end":{"line":36,"column":21}},"loc":{"start":{"line":36,"column":37},"end":{"line":36,"column":68}}},"4":{"name":"(anonymous_4)","decl":{"start":{"line":37,"column":17},"end":{"line":37,"column":18}},"loc":{"start":{"line":37,"column":29},"end":{"line":37,"column":47}}},"5":{"name":"(anonymous_5)","decl":{"start":{"line":87,"column":42},"end":{"line":87,"column":43}},"loc":{"start":{"line":87,"column":87},"end":{"line":90,"column":3}}},"6":{"name":"(anonymous_6)","decl":{"start":{"line":93,"column":12},"end":{"line":93,"column":15}},"loc":{"start":{"line":93,"column":17},"end":{"line":124,"column":3}}},"7":{"name":"(anonymous_7)","decl":{"start":{"line":104,"column":55},"end":{"line":104,"column":58}},"loc":{"start":{"line":104,"column":60},"end":{"line":110,"column":7}}},"8":{"name":"(anonymous_8)","decl":{"start":{"line":118,"column":11},"end":{"line":118,"column":14}},"loc":{"start":{"line":118,"column":16},"end":{"line":123,"column":5}}},"9":{"name":"(anonymous_9)","decl":{"start":{"line":127,"column":12},"end":{"line":127,"column":15}},"loc":{"start":{"line":127,"column":17},"end":{"line":133,"column":3}}},"10":{"name":"(anonymous_10)","decl":{"start":{"line":132,"column":11},"end":{"line":132,"column":14}},"loc":{"start":{"line":132,"column":17},"end":{"line":132,"column":40}}}},"branchMap":{"0":{"loc":{"start":{"line":26,"column":29},"end":{"line":26,"column":59}},"type":"default-arg","locations":[{"start":{"line":26,"column":57},"end":{"line":26,"column":59}}]},"1":{"loc":{"start":{"line":26,"column":61},"end":{"line":26,"column":96}},"type":"default-arg","locations":[{"start":{"line":26,"column":88},"end":{"line":26,"column":96}}]},"2":{"loc":{"start":{"line":27,"column":4},"end":{"line":27,"column":32}},"type":"if","locations":[{"start":{"line":27,"column":4},"end":{"line":27,"column":32}}]},"3":{"loc":{"start":{"line":33,"column":26},"end":{"line":37,"column":48}},"type":"cond-expr","locations":[{"start":{"line":34,"column":10},"end":{"line":34,"column":21}},{"start":{"line":35,"column":10},"end":{"line":37,"column":48}}]},"4":{"loc":{"start":{"line":36,"column":38},"end":{"line":36,"column":63}},"type":"binary-expr","locations":[{"start":{"line":36,"column":38},"end":{"line":36,"column":58}},{"start":{"line":36,"column":62},"end":{"line":36,"column":63}}]},"5":{"loc":{"start":{"line":39,"column":6},"end":{"line":47,"column":7}},"type":"if","locations":[{"start":{"line":39,"column":6},"end":{"line":47,"column":7}}]},"6":{"loc":{"start":{"line":51,"column":6},"end":{"line":66,"column":7}},"type":"if","locations":[{"start":{"line":51,"column":6},"end":{"line":66,"column":7}},{"start":{"line":60,"column":13},"end":{"line":66,"column":7}}]},"7":{"loc":{"start":{"line":95,"column":4},"end":{"line":98,"column":5}},"type":"if","locations":[{"start":{"line":95,"column":4},"end":{"line":98,"column":5}}]},"8":{"loc":{"start":{"line":101,"column":4},"end":{"line":115,"column":5}},"type":"if","locations":[{"start":{"line":101,"column":4},"end":{"line":115,"column":5}},{"start":{"line":113,"column":11},"end":{"line":115,"column":5}}]},"9":{"loc":{"start":{"line":101,"column":8},"end":{"line":101,"column":57}},"type":"binary-expr","locations":[{"start":{"line":101,"column":8},"end":{"line":101,"column":26}},{"start":{"line":101,"column":30},"end":{"line":101,"column":57}}]},"10":{"loc":{"start":{"line":106,"column":8},"end":{"line":109,"column":9}},"type":"if","locations":[{"start":{"line":106,"column":8},"end":{"line":109,"column":9}}]},"11":{"loc":{"start":{"line":106,"column":12},"end":{"line":106,"column":52}},"type":"binary-expr","locations":[{"start":{"line":106,"column":12},"end":{"line":106,"column":38}},{"start":{"line":106,"column":42},"end":{"line":106,"column":52}}]},"12":{"loc":{"start":{"line":119,"column":6},"end":{"line":122,"column":7}},"type":"if","locations":[{"start":{"line":119,"column":6},"end":{"line":122,"column":7}}]}},"s":{"0":0,"1":0,"2":0,"3":0,"4":0,"5":0,"6":0,"7":0,"8":0,"9":0,"10":0,"11":0,"12":0,"13":0,"14":0,"15":0,"16":0,"17":0,"18":0,"19":0,"20":0,"21":0,"22":0,"23":0,"24":0,"25":0,"26":0,"27":0,"28":0,"29":0,"30":0,"31":0,"32":0,"33":0,"34":0,"35":0,"36":0,"37":0,"38":0,"39":0,"40":0,"41":0,"42":0,"43":0,"44":0,"45":0,"46":0,"47":0,"48":0,"49":0,"50":0,"51":0,"52":0,"53":0,"54":0,"55":0,"56":0,"57":0,"58":0,"59":0},"f":{"0":0,"1":0,"2":0,"3":0,"4":0,"5":0,"6":0,"7":0,"8":0,"9":0,"10":0},"b":{"0":[0],"1":[0],"2":[0],"3":[0,0],"4":[0,0],"5":[0],"6":[0,0],"7":[0],"8":[0,0],"9":[0,0],"10":[0],"11":[0,0],"12":[0]}}
,"C:\\Users\\ouali\\SmartM\\src\\lib\\utils.ts": {"path":"C:\\Users\\ouali\\SmartM\\src\\lib\\utils.ts","statementMap":{"0":{"start":{"line":4,"column":0},"end":{"line":4,"column":16}},"1":{"start":{"line":1,"column":0},"end":{"line":1,"column":44}},"2":{"start":{"line":2,"column":0},"end":{"line":2,"column":40}},"3":{"start":{"line":5,"column":2},"end":{"line":5,"column":null}}},"fnMap":{"0":{"name":"cn","decl":{"start":{"line":4,"column":16},"end":{"line":4,"column":18}},"loc":{"start":{"line":4,"column":42},"end":{"line":6,"column":1}}}},"branchMap":{},"s":{"0":0,"1":0,"2":0,"3":0},"f":{"0":0},"b":{}}
,"C:\\Users\\ouali\\SmartM\\src\\pages\\Index.tsx": {"path":"C:\\Users\\ouali\\SmartM\\src\\pages\\Index.tsx","statementMap":{"0":{"start":{"line":2,"column":0},"end":{"line":2,"column":34}},"1":{"start":{"line":3,"column":0},"end":{"line":3,"column":47}},"2":{"start":{"line":5,"column":14},"end":{"line":14,"column":1}},"3":{"start":{"line":6,"column":19},"end":{"line":6,"column":32}},"4":{"start":{"line":8,"column":2},"end":{"line":11,"column":17}},"5":{"start":{"line":10,"column":4},"end":{"line":10,"column":27}},"6":{"start":{"line":13,"column":2},"end":{"line":13,"column":14}},"7":{"start":{"line":16,"column":0},"end":{"line":16,"column":21}}},"fnMap":{"0":{"name":"(anonymous_0)","decl":{"start":{"line":5,"column":14},"end":{"line":5,"column":17}},"loc":{"start":{"line":5,"column":19},"end":{"line":14,"column":1}}},"1":{"name":"(anonymous_1)","decl":{"start":{"line":8,"column":12},"end":{"line":8,"column":15}},"loc":{"start":{"line":8,"column":17},"end":{"line":11,"column":3}}}},"branchMap":{},"s":{"0":0,"1":0,"2":0,"3":0,"4":0,"5":0,"6":0,"7":0},"f":{"0":0,"1":0},"b":{}}
,"C:\\Users\\ouali\\SmartM\\src\\pages\\Report\\hooks\\useReportGenerator.ts": {"path":"C:\\Users\\ouali\\SmartM\\src\\pages\\Report\\hooks\\useReportGenerator.ts","statementMap":{"0":{"start":{"line":1,"column":0},"end":{"line":1,"column":33}},"1":{"start":{"line":2,"column":0},"end":{"line":2,"column":45}},"2":{"start":{"line":3,"column":0},"end":{"line":3,"column":57}},"3":{"start":{"line":4,"column":0},"end":{"line":4,"column":64}},"4":{"start":{"line":6,"column":34},"end":{"line":87,"column":1}},"5":{"start":{"line":7,"column":48},"end":{"line":12,"column":4}},"6":{"start":{"line":13,"column":42},"end":{"line":13,"column":57}},"7":{"start":{"line":14,"column":44},"end":{"line":19,"column":4}},"8":{"start":{"line":15,"column":18},"end":{"line":15,"column":28}},"9":{"start":{"line":16,"column":17},"end":{"line":16,"column":36}},"10":{"start":{"line":17,"column":18},"end":{"line":17,"column":63}},"11":{"start":{"line":18,"column":4},"end":{"line":18,"column":30}},"12":{"start":{"line":20,"column":20},"end":{"line":20,"column":30}},"13":{"start":{"line":21,"column":16},"end":{"line":21,"column":29}},"14":{"start":{"line":23,"column":31},"end":{"line":28,"column":3}},"15":{"start":{"line":24,"column":4},"end":{"line":27,"column":8}},"16":{"start":{"line":24,"column":32},"end":{"line":27,"column":6}},"17":{"start":{"line":30,"column":25},"end":{"line":74,"column":3}},"18":{"start":{"line":31,"column":4},"end":{"line":31,"column":26}},"19":{"start":{"line":33,"column":4},"end":{"line":73,"column":5}},"20":{"start":{"line":35,"column":18},"end":{"line":35,"column":31}},"21":{"start":{"line":38,"column":23},"end":{"line":38,"column":77}},"22":{"start":{"line":39,"column":22},"end":{"line":39,"column":58}},"23":{"start":{"line":42,"column":6},"end":{"line":60,"column":7}},"24":{"start":{"line":43,"column":8},"end":{"line":50,"column":11}},"25":{"start":{"line":52,"column":8},"end":{"line":59,"column":11}},"26":{"start":{"line":62,"column":6},"end":{"line":62,"column":55}},"27":{"start":{"line":63,"column":6},"end":{"line":70,"column":9}},"28":{"start":{"line":72,"column":6},"end":{"line":72,"column":29}},"29":{"start":{"line":76,"column":29},"end":{"line":76,"column":73}},"30":{"start":{"line":78,"column":2},"end":{"line":86,"column":4}},"31":{"start":{"line":6,"column":13},"end":{"line":6,"column":34}}},"fnMap":{"0":{"name":"(anonymous_0)","decl":{"start":{"line":6,"column":34},"end":{"line":6,"column":37}},"loc":{"start":{"line":6,"column":39},"end":{"line":87,"column":1}}},"1":{"name":"(anonymous_1)","decl":{"start":{"line":14,"column":53},"end":{"line":14,"column":56}},"loc":{"start":{"line":14,"column":58},"end":{"line":19,"column":3}}},"2":{"name":"(anonymous_2)","decl":{"start":{"line":23,"column":31},"end":{"line":23,"column":32}},"loc":{"start":{"line":23,"column":50},"end":{"line":28,"column":3}}},"3":{"name":"(anonymous_3)","decl":{"start":{"line":24,"column":23},"end":{"line":24,"column":27}},"loc":{"start":{"line":24,"column":32},"end":{"line":27,"column":6}}},"4":{"name":"(anonymous_4)","decl":{"start":{"line":30,"column":25},"end":{"line":30,"column":30}},"loc":{"start":{"line":30,"column":36},"end":{"line":74,"column":3}}}},"branchMap":{"0":{"loc":{"start":{"line":42,"column":6},"end":{"line":60,"column":7}},"type":"if","locations":[{"start":{"line":42,"column":6},"end":{"line":60,"column":7}},{"start":{"line":51,"column":13},"end":{"line":60,"column":7}}]}},"s":{"0":0,"1":0,"2":0,"3":0,"4":0,"5":0,"6":0,"7":0,"8":0,"9":0,"10":0,"11":0,"12":0,"13":0,"14":0,"15":0,"16":0,"17":0,"18":0,"19":0,"20":0,"21":0,"22":0,"23":0,"24":0,"25":0,"26":0,"27":0,"28":0,"29":0,"30":0,"31":0},"f":{"0":0,"1":0,"2":0,"3":0,"4":0},"b":{"0":[0,0]}}
,"C:\\Users\\ouali\\SmartM\\src\\pages\\Report\\utils\\reportGenerationUtils.ts": {"path":"C:\\Users\\ouali\\SmartM\\src\\pages\\Report\\utils\\reportGenerationUtils.ts","statementMap":{"0":{"start":{"line":3,"column":0},"end":{"line":3,"column":null}},"1":{"start":{"line":31,"column":28},"end":{"line":46,"column":1}},"2":{"start":{"line":33,"column":2},"end":{"line":33,"column":31}},"3":{"start":{"line":34,"column":2},"end":{"line":34,"column":31}},"4":{"start":{"line":35,"column":2},"end":{"line":35,"column":34}},"5":{"start":{"line":36,"column":2},"end":{"line":36,"column":22}},"6":{"start":{"line":37,"column":2},"end":{"line":37,"column":35}},"7":{"start":{"line":40,"column":2},"end":{"line":40,"column":42}},"8":{"start":{"line":43,"column":2},"end":{"line":43,"column":62}},"9":{"start":{"line":45,"column":2},"end":{"line":45,"column":12}},"10":{"start":{"line":31,"column":13},"end":{"line":31,"column":28}},"11":{"start":{"line":55,"column":30},"end":{"line":78,"column":1}},"12":{"start":{"line":56,"column":2},"end":{"line":56,"column":21}},"13":{"start":{"line":57,"column":2},"end":{"line":57,"column":34}},"14":{"start":{"line":58,"column":2},"end":{"line":58,"column":37}},"15":{"start":{"line":59,"column":22},"end":{"line":65,"column":4}},"16":{"start":{"line":66,"column":2},"end":{"line":66,"column":72}},"17":{"start":{"line":68,"column":16},"end":{"line":68,"column":24}},"18":{"start":{"line":71,"column":2},"end":{"line":75,"column":3}},"19":{"start":{"line":72,"column":22},"end":{"line":72,"column":113}},"20":{"start":{"line":73,"column":4},"end":{"line":73,"column":96}},"21":{"start":{"line":74,"column":4},"end":{"line":74,"column":17}},"22":{"start":{"line":77,"column":2},"end":{"line":77,"column":21}},"23":{"start":{"line":55,"column":13},"end":{"line":55,"column":30}},"24":{"start":{"line":86,"column":35},"end":{"line":160,"column":1}},"25":{"start":{"line":88,"column":2},"end":{"line":88,"column":34}},"26":{"start":{"line":89,"column":2},"end":{"line":89,"column":34}},"27":{"start":{"line":90,"column":2},"end":{"line":90,"column":22}},"28":{"start":{"line":91,"column":2},"end":{"line":91,"column":31}},"29":{"start":{"line":92,"column":2},"end":{"line":92,"column":35}},"30":{"start":{"line":93,"column":2},"end":{"line":93,"column":52}},"31":{"start":{"line":95,"column":2},"end":{"line":95,"column":13}},"32":{"start":{"line":96,"column":2},"end":{"line":96,"column":21}},"33":{"start":{"line":97,"column":2},"end":{"line":97,"column":28}},"34":{"start":{"line":98,"column":2},"end":{"line":98,"column":37}},"35":{"start":{"line":99,"column":22},"end":{"line":99,"column":49}},"36":{"start":{"line":100,"column":2},"end":{"line":100,"column":60}},"37":{"start":{"line":103,"column":21},"end":{"line":103,"column":35}},"38":{"start":{"line":105,"column":2},"end":{"line":157,"column":3}},"39":{"start":{"line":106,"column":4},"end":{"line":106,"column":14}},"40":{"start":{"line":109,"column":4},"end":{"line":109,"column":36}},"41":{"start":{"line":110,"column":4},"end":{"line":110,"column":36}},"42":{"start":{"line":111,"column":4},"end":{"line":111,"column":30}},"43":{"start":{"line":112,"column":4},"end":{"line":112,"column":37}},"44":{"start":{"line":113,"column":4},"end":{"line":113,"column":23}},"45":{"start":{"line":114,"column":4},"end":{"line":114,"column":33}},"46":{"start":{"line":115,"column":4},"end":{"line":115,"column":34}},"47":{"start":{"line":116,"column":4},"end":{"line":116,"column":38}},"48":{"start":{"line":117,"column":4},"end":{"line":117,"column":36}},"49":{"start":{"line":118,"column":4},"end":{"line":118,"column":43}},"50":{"start":{"line":121,"column":4},"end":{"line":121,"column":39}},"51":{"start":{"line":122,"column":4},"end":{"line":122,"column":14}},"52":{"start":{"line":125,"column":30},"end":{"line":125,"column":52}},"53":{"start":{"line":127,"column":4},"end":{"line":147,"column":7}},"54":{"start":{"line":129,"column":6},"end":{"line":132,"column":7}},"55":{"start":{"line":130,"column":8},"end":{"line":130,"column":40}},"56":{"start":{"line":131,"column":8},"end":{"line":131,"column":40}},"57":{"start":{"line":135,"column":23},"end":{"line":135,"column":32}},"58":{"start":{"line":136,"column":6},"end":{"line":138,"column":80}},"59":{"start":{"line":136,"column":46},"end":{"line":136,"column":74}},"60":{"start":{"line":137,"column":11},"end":{"line":138,"column":80}},"61":{"start":{"line":137,"column":51},"end":{"line":137,"column":81}},"62":{"start":{"line":138,"column":11},"end":{"line":138,"column":80}},"63":{"start":{"line":138,"column":52},"end":{"line":138,"column":80}},"64":{"start":{"line":140,"column":6},"end":{"line":140,"column":54}},"65":{"start":{"line":141,"column":6},"end":{"line":141,"column":62}},"66":{"start":{"line":142,"column":6},"end":{"line":142,"column":55}},"67":{"start":{"line":143,"column":6},"end":{"line":143,"column":42}},"68":{"start":{"line":144,"column":6},"end":{"line":144,"column":64}},"69":{"start":{"line":146,"column":6},"end":{"line":146,"column":16}},"70":{"start":{"line":149,"column":4},"end":{"line":153,"column":5}},"71":{"start":{"line":150,"column":6},"end":{"line":150,"column":38}},"72":{"start":{"line":151,"column":6},"end":{"line":151,"column":114}},"73":{"start":{"line":152,"column":6},"end":{"line":152,"column":16}},"74":{"start":{"line":155,"column":4},"end":{"line":155,"column":63}},"75":{"start":{"line":156,"column":4},"end":{"line":156,"column":14}},"76":{"start":{"line":159,"column":2},"end":{"line":159,"column":18}},"77":{"start":{"line":86,"column":13},"end":{"line":86,"column":35}},"78":{"start":{"line":168,"column":35},"end":{"line":239,"column":1}},"79":{"start":{"line":170,"column":2},"end":{"line":170,"column":34}},"80":{"start":{"line":171,"column":2},"end":{"line":171,"column":34}},"81":{"start":{"line":172,"column":2},"end":{"line":172,"column":22}},"82":{"start":{"line":173,"column":2},"end":{"line":173,"column":31}},"83":{"start":{"line":174,"column":2},"end":{"line":174,"column":35}},"84":{"start":{"line":175,"column":2},"end":{"line":175,"column":49}},"85":{"start":{"line":177,"column":2},"end":{"line":177,"column":13}},"86":{"start":{"line":178,"column":2},"end":{"line":178,"column":21}},"87":{"start":{"line":179,"column":2},"end":{"line":179,"column":28}},"88":{"start":{"line":180,"column":2},"end":{"line":180,"column":37}},"89":{"start":{"line":182,"column":25},"end":{"line":182,"column":44}},"90":{"start":{"line":183,"column":19},"end":{"line":183,"column":78}},"91":{"start":{"line":183,"column":60},"end":{"line":183,"column":77}},"92":{"start":{"line":185,"column":2},"end":{"line":185,"column":58}},"93":{"start":{"line":186,"column":2},"end":{"line":186,"column":12}},"94":{"start":{"line":187,"column":2},"end":{"line":187,"column":61}},"95":{"start":{"line":188,"column":2},"end":{"line":188,"column":12}},"96":{"start":{"line":189,"column":2},"end":{"line":189,"column":79}},"97":{"start":{"line":192,"column":2},"end":{"line":236,"column":3}},"98":{"start":{"line":193,"column":4},"end":{"line":193,"column":14}},"99":{"start":{"line":196,"column":4},"end":{"line":196,"column":36}},"100":{"start":{"line":197,"column":4},"end":{"line":197,"column":36}},"101":{"start":{"line":198,"column":4},"end":{"line":198,"column":30}},"102":{"start":{"line":199,"column":4},"end":{"line":199,"column":37}},"103":{"start":{"line":200,"column":4},"end":{"line":200,"column":23}},"104":{"start":{"line":201,"column":4},"end":{"line":201,"column":34}},"105":{"start":{"line":202,"column":4},"end":{"line":202,"column":36}},"106":{"start":{"line":203,"column":4},"end":{"line":203,"column":42}},"107":{"start":{"line":204,"column":4},"end":{"line":204,"column":40}},"108":{"start":{"line":207,"column":4},"end":{"line":207,"column":39}},"109":{"start":{"line":208,"column":4},"end":{"line":208,"column":14}},"110":{"start":{"line":211,"column":28},"end":{"line":211,"column":48}},"111":{"start":{"line":213,"column":4},"end":{"line":226,"column":7}},"112":{"start":{"line":215,"column":6},"end":{"line":218,"column":7}},"113":{"start":{"line":216,"column":8},"end":{"line":216,"column":40}},"114":{"start":{"line":217,"column":8},"end":{"line":217,"column":40}},"115":{"start":{"line":220,"column":6},"end":{"line":220,"column":61}},"116":{"start":{"line":221,"column":6},"end":{"line":221,"column":62}},"117":{"start":{"line":222,"column":6},"end":{"line":222,"column":49}},"118":{"start":{"line":223,"column":6},"end":{"line":223,"column":47}},"119":{"start":{"line":225,"column":6},"end":{"line":225,"column":16}},"120":{"start":{"line":228,"column":4},"end":{"line":232,"column":5}},"121":{"start":{"line":229,"column":6},"end":{"line":229,"column":38}},"122":{"start":{"line":230,"column":6},"end":{"line":230,"column":109}},"123":{"start":{"line":231,"column":6},"end":{"line":231,"column":16}},"124":{"start":{"line":234,"column":4},"end":{"line":234,"column":69}},"125":{"start":{"line":235,"column":4},"end":{"line":235,"column":15}},"126":{"start":{"line":238,"column":2},"end":{"line":238,"column":18}},"127":{"start":{"line":168,"column":13},"end":{"line":168,"column":35}},"128":{"start":{"line":248,"column":33},"end":{"line":326,"column":1}},"129":{"start":{"line":250,"column":2},"end":{"line":250,"column":34}},"130":{"start":{"line":251,"column":2},"end":{"line":251,"column":34}},"131":{"start":{"line":252,"column":2},"end":{"line":252,"column":22}},"132":{"start":{"line":253,"column":2},"end":{"line":253,"column":31}},"133":{"start":{"line":254,"column":2},"end":{"line":254,"column":35}},"134":{"start":{"line":255,"column":2},"end":{"line":255,"column":46}},"135":{"start":{"line":257,"column":2},"end":{"line":257,"column":13}},"136":{"start":{"line":258,"column":2},"end":{"line":258,"column":21}},"137":{"start":{"line":259,"column":2},"end":{"line":259,"column":28}},"138":{"start":{"line":260,"column":2},"end":{"line":260,"column":37}},"139":{"start":{"line":263,"column":27},"end":{"line":263,"column":63}},"140":{"start":{"line":264,"column":26},"end":{"line":264,"column":78}},"141":{"start":{"line":267,"column":24},"end":{"line":267,"column":48}},"142":{"start":{"line":268,"column":23},"end":{"line":271,"column":4}},"143":{"start":{"line":269,"column":4},"end":{"line":269,"column":33}},"144":{"start":{"line":269,"column":20},"end":{"line":269,"column":33}},"145":{"start":{"line":270,"column":4},"end":{"line":270,"column":105}},"146":{"start":{"line":273,"column":22},"end":{"line":274,"column":44}},"147":{"start":{"line":274,"column":4},"end":{"line":274,"column":40}},"148":{"start":{"line":276,"column":2},"end":{"line":276,"column":117}},"149":{"start":{"line":279,"column":2},"end":{"line":323,"column":3}},"150":{"start":{"line":280,"column":4},"end":{"line":280,"column":14}},"151":{"start":{"line":283,"column":4},"end":{"line":283,"column":36}},"152":{"start":{"line":284,"column":4},"end":{"line":284,"column":36}},"153":{"start":{"line":285,"column":4},"end":{"line":285,"column":30}},"154":{"start":{"line":286,"column":4},"end":{"line":286,"column":37}},"155":{"start":{"line":287,"column":4},"end":{"line":287,"column":23}},"156":{"start":{"line":288,"column":4},"end":{"line":288,"column":41}},"157":{"start":{"line":289,"column":4},"end":{"line":289,"column":42}},"158":{"start":{"line":290,"column":4},"end":{"line":290,"column":36}},"159":{"start":{"line":291,"column":4},"end":{"line":291,"column":45}},"160":{"start":{"line":294,"column":4},"end":{"line":294,"column":39}},"161":{"start":{"line":295,"column":4},"end":{"line":295,"column":14}},"162":{"start":{"line":298,"column":32},"end":{"line":298,"column":56}},"163":{"start":{"line":300,"column":4},"end":{"line":313,"column":7}},"164":{"start":{"line":302,"column":6},"end":{"line":305,"column":7}},"165":{"start":{"line":303,"column":8},"end":{"line":303,"column":40}},"166":{"start":{"line":304,"column":8},"end":{"line":304,"column":40}},"167":{"start":{"line":307,"column":6},"end":{"line":307,"column":52}},"168":{"start":{"line":308,"column":6},"end":{"line":308,"column":72}},"169":{"start":{"line":309,"column":6},"end":{"line":309,"column":48}},"170":{"start":{"line":310,"column":6},"end":{"line":310,"column":75}},"171":{"start":{"line":312,"column":6},"end":{"line":312,"column":16}},"172":{"start":{"line":315,"column":4},"end":{"line":319,"column":5}},"173":{"start":{"line":316,"column":6},"end":{"line":316,"column":38}},"174":{"start":{"line":317,"column":6},"end":{"line":317,"column":113}},"175":{"start":{"line":318,"column":6},"end":{"line":318,"column":16}},"176":{"start":{"line":321,"column":4},"end":{"line":321,"column":95}},"177":{"start":{"line":322,"column":4},"end":{"line":322,"column":15}},"178":{"start":{"line":325,"column":2},"end":{"line":325,"column":18}},"179":{"start":{"line":248,"column":13},"end":{"line":248,"column":33}},"180":{"start":{"line":334,"column":31},"end":{"line":406,"column":1}},"181":{"start":{"line":336,"column":2},"end":{"line":336,"column":34}},"182":{"start":{"line":337,"column":2},"end":{"line":337,"column":34}},"183":{"start":{"line":338,"column":2},"end":{"line":338,"column":22}},"184":{"start":{"line":339,"column":2},"end":{"line":339,"column":31}},"185":{"start":{"line":340,"column":2},"end":{"line":340,"column":35}},"186":{"start":{"line":341,"column":2},"end":{"line":341,"column":47}},"187":{"start":{"line":343,"column":2},"end":{"line":343,"column":13}},"188":{"start":{"line":344,"column":2},"end":{"line":344,"column":21}},"189":{"start":{"line":345,"column":2},"end":{"line":345,"column":28}},"190":{"start":{"line":346,"column":2},"end":{"line":346,"column":37}},"191":{"start":{"line":348,"column":16},"end":{"line":348,"column":26}},"192":{"start":{"line":349,"column":23},"end":{"line":349,"column":70}},"193":{"start":{"line":349,"column":44},"end":{"line":349,"column":69}},"194":{"start":{"line":350,"column":25},"end":{"line":350,"column":74}},"195":{"start":{"line":350,"column":46},"end":{"line":350,"column":73}},"196":{"start":{"line":352,"column":2},"end":{"line":352,"column":56}},"197":{"start":{"line":353,"column":2},"end":{"line":353,"column":12}},"198":{"start":{"line":354,"column":2},"end":{"line":354,"column":64}},"199":{"start":{"line":355,"column":2},"end":{"line":355,"column":12}},"200":{"start":{"line":356,"column":2},"end":{"line":356,"column":67}},"201":{"start":{"line":359,"column":2},"end":{"line":403,"column":3}},"202":{"start":{"line":360,"column":4},"end":{"line":360,"column":14}},"203":{"start":{"line":363,"column":4},"end":{"line":363,"column":36}},"204":{"start":{"line":364,"column":4},"end":{"line":364,"column":36}},"205":{"start":{"line":365,"column":4},"end":{"line":365,"column":30}},"206":{"start":{"line":366,"column":4},"end":{"line":366,"column":37}},"207":{"start":{"line":367,"column":4},"end":{"line":367,"column":23}},"208":{"start":{"line":368,"column":4},"end":{"line":368,"column":36}},"209":{"start":{"line":369,"column":4},"end":{"line":369,"column":40}},"210":{"start":{"line":370,"column":4},"end":{"line":370,"column":45}},"211":{"start":{"line":371,"column":4},"end":{"line":371,"column":38}},"212":{"start":{"line":374,"column":4},"end":{"line":374,"column":39}},"213":{"start":{"line":375,"column":4},"end":{"line":375,"column":14}},"214":{"start":{"line":378,"column":25},"end":{"line":378,"column":42}},"215":{"start":{"line":380,"column":4},"end":{"line":393,"column":7}},"216":{"start":{"line":382,"column":6},"end":{"line":385,"column":7}},"217":{"start":{"line":383,"column":8},"end":{"line":383,"column":40}},"218":{"start":{"line":384,"column":8},"end":{"line":384,"column":40}},"219":{"start":{"line":387,"column":6},"end":{"line":387,"column":66}},"220":{"start":{"line":388,"column":6},"end":{"line":388,"column":71}},"221":{"start":{"line":389,"column":6},"end":{"line":389,"column":51}},"222":{"start":{"line":390,"column":6},"end":{"line":390,"column":83}},"223":{"start":{"line":392,"column":6},"end":{"line":392,"column":16}},"224":{"start":{"line":395,"column":4},"end":{"line":399,"column":5}},"225":{"start":{"line":396,"column":6},"end":{"line":396,"column":38}},"226":{"start":{"line":397,"column":6},"end":{"line":397,"column":104}},"227":{"start":{"line":398,"column":6},"end":{"line":398,"column":16}},"228":{"start":{"line":401,"column":4},"end":{"line":401,"column":60}},"229":{"start":{"line":402,"column":4},"end":{"line":402,"column":15}},"230":{"start":{"line":405,"column":2},"end":{"line":405,"column":14}},"231":{"start":{"line":334,"column":13},"end":{"line":334,"column":31}},"232":{"start":{"line":413,"column":25},"end":{"line":420,"column":1}},"233":{"start":{"line":415,"column":2},"end":{"line":415,"column":43}},"234":{"start":{"line":417,"column":2},"end":{"line":417,"column":34}},"235":{"start":{"line":418,"column":2},"end":{"line":418,"column":21}},"236":{"start":{"line":419,"column":2},"end":{"line":419,"column":121}},"237":{"start":{"line":413,"column":13},"end":{"line":413,"column":25}},"238":{"start":{"line":427,"column":28},"end":{"line":435,"column":1}},"239":{"start":{"line":429,"column":2},"end":{"line":429,"column":26}},"240":{"start":{"line":431,"column":17},"end":{"line":431,"column":46}},"241":{"start":{"line":432,"column":2},"end":{"line":432,"column":24}},"242":{"start":{"line":433,"column":2},"end":{"line":433,"column":46}},"243":{"start":{"line":434,"column":2},"end":{"line":434,"column":29}},"244":{"start":{"line":427,"column":13},"end":{"line":427,"column":28}}},"fnMap":{"0":{"name":"(anonymous_0)","decl":{"start":{"line":31,"column":28},"end":{"line":31,"column":29}},"loc":{"start":{"line":31,"column":75},"end":{"line":46,"column":1}}},"1":{"name":"(anonymous_1)","decl":{"start":{"line":55,"column":30},"end":{"line":55,"column":31}},"loc":{"start":{"line":55,"column":91},"end":{"line":78,"column":1}}},"2":{"name":"(anonymous_2)","decl":{"start":{"line":86,"column":35},"end":{"line":86,"column":36}},"loc":{"start":{"line":86,"column":72},"end":{"line":160,"column":1}}},"3":{"name":"(anonymous_3)","decl":{"start":{"line":127,"column":30},"end":{"line":127,"column":31}},"loc":{"start":{"line":127,"column":51},"end":{"line":147,"column":5}}},"4":{"name":"(anonymous_4)","decl":{"start":{"line":168,"column":35},"end":{"line":168,"column":36}},"loc":{"start":{"line":168,"column":72},"end":{"line":239,"column":1}}},"5":{"name":"(anonymous_5)","decl":{"start":{"line":183,"column":49},"end":{"line":183,"column":56}},"loc":{"start":{"line":183,"column":60},"end":{"line":183,"column":77}}},"6":{"name":"(anonymous_6)","decl":{"start":{"line":213,"column":28},"end":{"line":213,"column":29}},"loc":{"start":{"line":213,"column":47},"end":{"line":226,"column":5}}},"7":{"name":"(anonymous_7)","decl":{"start":{"line":248,"column":33},"end":{"line":248,"column":34}},"loc":{"start":{"line":248,"column":93},"end":{"line":326,"column":1}}},"8":{"name":"(anonymous_8)","decl":{"start":{"line":268,"column":46},"end":{"line":268,"column":47}},"loc":{"start":{"line":268,"column":60},"end":{"line":271,"column":3}}},"9":{"name":"(anonymous_9)","decl":{"start":{"line":273,"column":42},"end":{"line":273,"column":43}},"loc":{"start":{"line":274,"column":4},"end":{"line":274,"column":40}}},"10":{"name":"(anonymous_10)","decl":{"start":{"line":300,"column":32},"end":{"line":300,"column":33}},"loc":{"start":{"line":300,"column":61},"end":{"line":313,"column":5}}},"11":{"name":"(anonymous_11)","decl":{"start":{"line":334,"column":31},"end":{"line":334,"column":32}},"loc":{"start":{"line":334,"column":68},"end":{"line":406,"column":1}}},"12":{"name":"(anonymous_12)","decl":{"start":{"line":349,"column":36},"end":{"line":349,"column":40}},"loc":{"start":{"line":349,"column":44},"end":{"line":349,"column":69}}},"13":{"name":"(anonymous_13)","decl":{"start":{"line":350,"column":38},"end":{"line":350,"column":42}},"loc":{"start":{"line":350,"column":46},"end":{"line":350,"column":73}}},"14":{"name":"(anonymous_14)","decl":{"start":{"line":380,"column":25},"end":{"line":380,"column":26}},"loc":{"start":{"line":380,"column":54},"end":{"line":393,"column":5}}},"15":{"name":"(anonymous_15)","decl":{"start":{"line":413,"column":25},"end":{"line":413,"column":26}},"loc":{"start":{"line":413,"column":70},"end":{"line":420,"column":1}}},"16":{"name":"(anonymous_16)","decl":{"start":{"line":427,"column":28},"end":{"line":427,"column":29}},"loc":{"start":{"line":427,"column":73},"end":{"line":435,"column":1}}}},"branchMap":{"0":{"loc":{"start":{"line":71,"column":2},"end":{"line":75,"column":3}},"type":"if","locations":[{"start":{"line":71,"column":2},"end":{"line":75,"column":3}}]},"1":{"loc":{"start":{"line":105,"column":2},"end":{"line":157,"column":3}},"type":"if","locations":[{"start":{"line":105,"column":2},"end":{"line":157,"column":3}},{"start":{"line":154,"column":9},"end":{"line":157,"column":3}}]},"2":{"loc":{"start":{"line":129,"column":6},"end":{"line":132,"column":7}},"type":"if","locations":[{"start":{"line":129,"column":6},"end":{"line":132,"column":7}}]},"3":{"loc":{"start":{"line":136,"column":6},"end":{"line":138,"column":80}},"type":"if","locations":[{"start":{"line":136,"column":6},"end":{"line":138,"column":80}},{"start":{"line":137,"column":11},"end":{"line":138,"column":80}}]},"4":{"loc":{"start":{"line":137,"column":11},"end":{"line":138,"column":80}},"type":"if","locations":[{"start":{"line":137,"column":11},"end":{"line":138,"column":80}},{"start":{"line":138,"column":11},"end":{"line":138,"column":80}}]},"5":{"loc":{"start":{"line":138,"column":11},"end":{"line":138,"column":80}},"type":"if","locations":[{"start":{"line":138,"column":11},"end":{"line":138,"column":80}}]},"6":{"loc":{"start":{"line":142,"column":15},"end":{"line":142,"column":39}},"type":"binary-expr","locations":[{"start":{"line":142,"column":15},"end":{"line":142,"column":32}},{"start":{"line":142,"column":36},"end":{"line":142,"column":39}}]},"7":{"loc":{"start":{"line":149,"column":4},"end":{"line":153,"column":5}},"type":"if","locations":[{"start":{"line":149,"column":4},"end":{"line":153,"column":5}}]},"8":{"loc":{"start":{"line":192,"column":2},"end":{"line":236,"column":3}},"type":"if","locations":[{"start":{"line":192,"column":2},"end":{"line":236,"column":3}},{"start":{"line":233,"column":9},"end":{"line":236,"column":3}}]},"9":{"loc":{"start":{"line":215,"column":6},"end":{"line":218,"column":7}},"type":"if","locations":[{"start":{"line":215,"column":6},"end":{"line":218,"column":7}}]},"10":{"loc":{"start":{"line":228,"column":4},"end":{"line":232,"column":5}},"type":"if","locations":[{"start":{"line":228,"column":4},"end":{"line":232,"column":5}}]},"11":{"loc":{"start":{"line":264,"column":26},"end":{"line":264,"column":78}},"type":"cond-expr","locations":[{"start":{"line":264,"column":45},"end":{"line":264,"column":73}},{"start":{"line":264,"column":76},"end":{"line":264,"column":78}}]},"12":{"loc":{"start":{"line":269,"column":4},"end":{"line":269,"column":33}},"type":"if","locations":[{"start":{"line":269,"column":4},"end":{"line":269,"column":33}}]},"13":{"loc":{"start":{"line":270,"column":11},"end":{"line":270,"column":104}},"type":"binary-expr","locations":[{"start":{"line":270,"column":11},"end":{"line":270,"column":51}},{"start":{"line":270,"column":55},"end":{"line":270,"column":104}}]},"14":{"loc":{"start":{"line":274,"column":11},"end":{"line":274,"column":39}},"type":"binary-expr","locations":[{"start":{"line":274,"column":11},"end":{"line":274,"column":34}},{"start":{"line":274,"column":38},"end":{"line":274,"column":39}}]},"15":{"loc":{"start":{"line":279,"column":2},"end":{"line":323,"column":3}},"type":"if","locations":[{"start":{"line":279,"column":2},"end":{"line":323,"column":3}},{"start":{"line":320,"column":9},"end":{"line":323,"column":3}}]},"16":{"loc":{"start":{"line":302,"column":6},"end":{"line":305,"column":7}},"type":"if","locations":[{"start":{"line":302,"column":6},"end":{"line":305,"column":7}}]},"17":{"loc":{"start":{"line":307,"column":15},"end":{"line":307,"column":36}},"type":"binary-expr","locations":[{"start":{"line":307,"column":15},"end":{"line":307,"column":29}},{"start":{"line":307,"column":33},"end":{"line":307,"column":36}}]},"18":{"loc":{"start":{"line":308,"column":15},"end":{"line":308,"column":56}},"type":"binary-expr","locations":[{"start":{"line":308,"column":15},"end":{"line":308,"column":49}},{"start":{"line":308,"column":53},"end":{"line":308,"column":56}}]},"19":{"loc":{"start":{"line":309,"column":15},"end":{"line":309,"column":31}},"type":"binary-expr","locations":[{"start":{"line":309,"column":15},"end":{"line":309,"column":24}},{"start":{"line":309,"column":28},"end":{"line":309,"column":31}}]},"20":{"loc":{"start":{"line":310,"column":15},"end":{"line":310,"column":58}},"type":"binary-expr","locations":[{"start":{"line":310,"column":15},"end":{"line":310,"column":51}},{"start":{"line":310,"column":55},"end":{"line":310,"column":58}}]},"21":{"loc":{"start":{"line":315,"column":4},"end":{"line":319,"column":5}},"type":"if","locations":[{"start":{"line":315,"column":4},"end":{"line":319,"column":5}}]},"22":{"loc":{"start":{"line":359,"column":2},"end":{"line":403,"column":3}},"type":"if","locations":[{"start":{"line":359,"column":2},"end":{"line":403,"column":3}},{"start":{"line":400,"column":9},"end":{"line":403,"column":3}}]},"23":{"loc":{"start":{"line":382,"column":6},"end":{"line":385,"column":7}},"type":"if","locations":[{"start":{"line":382,"column":6},"end":{"line":385,"column":7}}]},"24":{"loc":{"start":{"line":387,"column":15},"end":{"line":387,"column":50}},"type":"binary-expr","locations":[{"start":{"line":387,"column":15},"end":{"line":387,"column":43}},{"start":{"line":387,"column":47},"end":{"line":387,"column":50}}]},"25":{"loc":{"start":{"line":388,"column":15},"end":{"line":388,"column":55}},"type":"binary-expr","locations":[{"start":{"line":388,"column":15},"end":{"line":388,"column":48}},{"start":{"line":388,"column":52},"end":{"line":388,"column":55}}]},"26":{"loc":{"start":{"line":389,"column":15},"end":{"line":389,"column":34}},"type":"binary-expr","locations":[{"start":{"line":389,"column":15},"end":{"line":389,"column":27}},{"start":{"line":389,"column":31},"end":{"line":389,"column":34}}]},"27":{"loc":{"start":{"line":390,"column":15},"end":{"line":390,"column":66}},"type":"cond-expr","locations":[{"start":{"line":390,"column":43},"end":{"line":390,"column":53}},{"start":{"line":390,"column":56},"end":{"line":390,"column":66}}]},"28":{"loc":{"start":{"line":395,"column":4},"end":{"line":399,"column":5}},"type":"if","locations":[{"start":{"line":395,"column":4},"end":{"line":399,"column":5}}]}},"s":{"0":1,"1":1,"2":1,"3":1,"4":1,"5":1,"6":1,"7":1,"8":1,"9":1,"10":1,"11":1,"12":2,"13":2,"14":2,"15":2,"16":2,"17":2,"18":2,"19":1,"20":1,"21":1,"22":2,"23":1,"24":1,"25":0,"26":0,"27":0,"28":0,"29":0,"30":0,"31":0,"32":0,"33":0,"34":0,"35":0,"36":0,"37":0,"38":0,"39":0,"40":0,"41":0,"42":0,"43":0,"44":0,"45":0,"46":0,"47":0,"48":0,"49":0,"50":0,"51":0,"52":0,"53":0,"54":0,"55":0,"56":0,"57":0,"58":0,"59":0,"60":0,"61":0,"62":0,"63":0,"64":0,"65":0,"66":0,"67":0,"68":0,"69":0,"70":0,"71":0,"72":0,"73":0,"74":0,"75":0,"76":0,"77":1,"78":1,"79":0,"80":0,"81":0,"82":0,"83":0,"84":0,"85":0,"86":0,"87":0,"88":0,"89":0,"90":0,"91":0,"92":0,"93":0,"94":0,"95":0,"96":0,"97":0,"98":0,"99":0,"100":0,"101":0,"102":0,"103":0,"104":0,"105":0,"106":0,"107":0,"108":0,"109":0,"110":0,"111":0,"112":0,"113":0,"114":0,"115":0,"116":0,"117":0,"118":0,"119":0,"120":0,"121":0,"122":0,"123":0,"124":0,"125":0,"126":0,"127":1,"128":1,"129":0,"130":0,"131":0,"132":0,"133":0,"134":0,"135":0,"136":0,"137":0,"138":0,"139":0,"140":0,"141":0,"142":0,"143":0,"144":0,"145":0,"146":0,"147":0,"148":0,"149":0,"150":0,"151":0,"152":0,"153":0,"154":0,"155":0,"156":0,"157":0,"158":0,"159":0,"160":0,"161":0,"162":0,"163":0,"164":0,"165":0,"166":0,"167":0,"168":0,"169":0,"170":0,"171":0,"172":0,"173":0,"174":0,"175":0,"176":0,"177":0,"178":0,"179":1,"180":1,"181":0,"182":0,"183":0,"184":0,"185":0,"186":0,"187":0,"188":0,"189":0,"190":0,"191":0,"192":0,"193":0,"194":0,"195":0,"196":0,"197":0,"198":0,"199":0,"200":0,"201":0,"202":0,"203":0,"204":0,"205":0,"206":0,"207":0,"208":0,"209":0,"210":0,"211":0,"212":0,"213":0,"214":0,"215":0,"216":0,"217":0,"218":0,"219":0,"220":0,"221":0,"222":0,"223":0,"224":0,"225":0,"226":0,"227":0,"228":0,"229":0,"230":0,"231":1,"232":1,"233":1,"234":1,"235":1,"236":1,"237":1,"238":1,"239":1,"240":1,"241":1,"242":1,"243":1,"244":1},"f":{"0":1,"1":2,"2":0,"3":0,"4":0,"5":0,"6":0,"7":0,"8":0,"9":0,"10":0,"11":0,"12":0,"13":0,"14":0,"15":1,"16":1},"b":{"0":[1],"1":[0,0],"2":[0],"3":[0,0],"4":[0,0],"5":[0],"6":[0,0],"7":[0],"8":[0,0],"9":[0],"10":[0],"11":[0,0],"12":[0],"13":[0,0],"14":[0,0],"15":[0,0],"16":[0],"17":[0,0],"18":[0,0],"19":[0,0],"20":[0,0],"21":[0],"22":[0,0],"23":[0],"24":[0,0],"25":[0,0],"26":[0,0],"27":[0,0],"28":[0]}}
,"C:\\Users\\ouali\\SmartM\\src\\services\\consumptionService.ts": {"path":"C:\\Users\\ouali\\SmartM\\src\\services\\consumptionService.ts","statementMap":{"0":{"start":{"line":2,"column":0},"end":{"line":2,"column":30}},"1":{"start":{"line":3,"column":0},"end":{"line":3,"column":52}},"2":{"start":{"line":5,"column":16},"end":{"line":5,"column":28}},"3":{"start":{"line":16,"column":31},"end":{"line":33,"column":1}},"4":{"start":{"line":17,"column":2},"end":{"line":32,"column":3}},"5":{"start":{"line":18,"column":25},"end":{"line":26,"column":12}},"6":{"start":{"line":28,"column":4},"end":{"line":28,"column":24}},"7":{"start":{"line":30,"column":4},"end":{"line":30,"column":73}},"8":{"start":{"line":31,"column":4},"end":{"line":31,"column":14}},"9":{"start":{"line":16,"column":13},"end":{"line":16,"column":31}},"10":{"start":{"line":36,"column":32},"end":{"line":63,"column":1}},"11":{"start":{"line":37,"column":2},"end":{"line":62,"column":3}},"12":{"start":{"line":38,"column":24},"end":{"line":57,"column":6}},"13":{"start":{"line":40,"column":6},"end":{"line":40,"column":51}},"14":{"start":{"line":43,"column":25},"end":{"line":46,"column":8}},"15":{"start":{"line":48,"column":6},"end":{"line":56,"column":9}},"16":{"start":{"line":49,"column":8},"end":{"line":55,"column":10}},"17":{"start":{"line":59,"column":4},"end":{"line":59,"column":18}},"18":{"start":{"line":61,"column":4},"end":{"line":61,"column":71}},"19":{"start":{"line":36,"column":13},"end":{"line":36,"column":32}},"20":{"start":{"line":66,"column":51},"end":{"line":86,"column":1}},"21":{"start":{"line":67,"column":2},"end":{"line":85,"column":3}},"22":{"start":{"line":69,"column":29},"end":{"line":69,"column":97}},"23":{"start":{"line":71,"column":4},"end":{"line":73,"column":5}},"24":{"start":{"line":72,"column":6},"end":{"line":72,"column":13}},"25":{"start":{"line":76,"column":23},"end":{"line":76,"column":54}},"26":{"start":{"line":77,"column":4},"end":{"line":82,"column":5}},"27":{"start":{"line":78,"column":27},"end":{"line":78,"column":49}},"28":{"start":{"line":79,"column":6},"end":{"line":79,"column":37}},"29":{"start":{"line":81,"column":6},"end":{"line":81,"column":82}},"30":{"start":{"line":84,"column":4},"end":{"line":84,"column":70}},"31":{"start":{"line":66,"column":13},"end":{"line":66,"column":51}}},"fnMap":{"0":{"name":"(anonymous_1)","decl":{"start":{"line":16,"column":31},"end":{"line":16,"column":49}},"loc":{"start":{"line":16,"column":51},"end":{"line":33,"column":1}}},"1":{"name":"(anonymous_2)","decl":{"start":{"line":36,"column":32},"end":{"line":36,"column":33}},"loc":{"start":{"line":36,"column":70},"end":{"line":63,"column":1}}},"2":{"name":"(anonymous_3)","decl":{"start":{"line":38,"column":39},"end":{"line":38,"column":42}},"loc":{"start":{"line":38,"column":44},"end":{"line":57,"column":5}}},"3":{"name":"(anonymous_4)","decl":{"start":{"line":48,"column":27},"end":{"line":48,"column":38}},"loc":{"start":{"line":48,"column":41},"end":{"line":56,"column":7}}},"4":{"name":"(anonymous_5)","decl":{"start":{"line":66,"column":51},"end":{"line":66,"column":60}},"loc":{"start":{"line":66,"column":62},"end":{"line":86,"column":1}}}},"branchMap":{"0":{"loc":{"start":{"line":51,"column":10},"end":{"line":51,"column":39}},"type":"binary-expr","locations":[{"start":{"line":51,"column":10},"end":{"line":51,"column":31}},{"start":{"line":51,"column":35},"end":{"line":51,"column":39}}]},"1":{"loc":{"start":{"line":54,"column":10},"end":{"line":54,"column":41}},"type":"binary-expr","locations":[{"start":{"line":54,"column":10},"end":{"line":54,"column":33}},{"start":{"line":54,"column":37},"end":{"line":54,"column":41}}]},"2":{"loc":{"start":{"line":71,"column":4},"end":{"line":73,"column":5}},"type":"if","locations":[{"start":{"line":71,"column":4},"end":{"line":73,"column":5}}]},"3":{"loc":{"start":{"line":77,"column":4},"end":{"line":82,"column":5}},"type":"if","locations":[{"start":{"line":77,"column":4},"end":{"line":82,"column":5}},{"start":{"line":80,"column":11},"end":{"line":82,"column":5}}]}},"s":{"0":0,"1":0,"2":0,"3":0,"4":0,"5":0,"6":0,"7":0,"8":0,"9":0,"10":0,"11":0,"12":0,"13":0,"14":0,"15":0,"16":0,"17":0,"18":0,"19":0,"20":0,"21":0,"22":0,"23":0,"24":0,"25":0,"26":0,"27":0,"28":0,"29":0,"30":0,"31":0},"f":{"0":0,"1":0,"2":0,"3":0,"4":0},"b":{"0":[0,0],"1":[0,0],"2":[0],"3":[0,0]}}
,"C:\\Users\\ouali\\SmartM\\src\\services\\emailService.ts": {"path":"C:\\Users\\ouali\\SmartM\\src\\services\\emailService.ts","statementMap":{"0":{"start":{"line":6,"column":25},"end":{"line":22,"column":1}},"1":{"start":{"line":7,"column":2},"end":{"line":21,"column":3}},"2":{"start":{"line":8,"column":4},"end":{"line":8,"column":46}},"3":{"start":{"line":9,"column":4},"end":{"line":9,"column":28}},"4":{"start":{"line":10,"column":4},"end":{"line":10,"column":37}},"5":{"start":{"line":11,"column":4},"end":{"line":11,"column":39}},"6":{"start":{"line":12,"column":4},"end":{"line":12,"column":44}},"7":{"start":{"line":15,"column":4},"end":{"line":15,"column":59}},"8":{"start":{"line":15,"column":33},"end":{"line":15,"column":57}},"9":{"start":{"line":17,"column":4},"end":{"line":17,"column":16}},"10":{"start":{"line":19,"column":4},"end":{"line":19,"column":76}},"11":{"start":{"line":20,"column":4},"end":{"line":20,"column":17}},"12":{"start":{"line":6,"column":13},"end":{"line":6,"column":25}},"13":{"start":{"line":25,"column":38},"end":{"line":46,"column":1}},"14":{"start":{"line":26,"column":18},"end":{"line":26,"column":40}},"15":{"start":{"line":27,"column":19},"end":{"line":27,"column":66}},"16":{"start":{"line":29,"column":22},"end":{"line":43,"column":4}},"17":{"start":{"line":45,"column":2},"end":{"line":45,"column":84}},"18":{"start":{"line":25,"column":13},"end":{"line":25,"column":38}}},"fnMap":{"0":{"name":"(anonymous_0)","decl":{"start":{"line":6,"column":25},"end":{"line":6,"column":30}},"loc":{"start":{"line":6,"column":95},"end":{"line":22,"column":1}}},"1":{"name":"(anonymous_1)","decl":{"start":{"line":15,"column":22},"end":{"line":15,"column":29}},"loc":{"start":{"line":15,"column":33},"end":{"line":15,"column":57}}},"2":{"name":"(anonymous_2)","decl":{"start":{"line":25,"column":38},"end":{"line":25,"column":43}},"loc":{"start":{"line":25,"column":97},"end":{"line":46,"column":1}}}},"branchMap":{},"s":{"0":0,"1":0,"2":0,"3":0,"4":0,"5":0,"6":0,"7":0,"8":0,"9":0,"10":0,"11":0,"12":0,"13":0,"14":0,"15":0,"16":0,"17":0,"18":0},"f":{"0":0,"1":0,"2":0},"b":{}}
,"C:\\Users\\ouali\\SmartM\\src\\services\\equipmentFailureService.ts": {"path":"C:\\Users\\ouali\\SmartM\\src\\services\\equipmentFailureService.ts","statementMap":{"0":{"start":{"line":7,"column":0},"end":{"line":7,"column":59}}},"fnMap":{},"branchMap":{},"s":{"0":0},"f":{},"b":{}}
,"C:\\Users\\ouali\\SmartM\\src\\services\\equipmentService.ts": {"path":"C:\\Users\\ouali\\SmartM\\src\\services\\equipmentService.ts","statementMap":{"0":{"start":{"line":7,"column":0},"end":{"line":7,"column":45}}},"fnMap":{},"branchMap":{},"s":{"0":0},"f":{},"b":{}}
,"C:\\Users\\ouali\\SmartM\\src\\services\\migrationService.ts": {"path":"C:\\Users\\ouali\\SmartM\\src\\services\\migrationService.ts","statementMap":{"0":{"start":{"line":1,"column":0},"end":{"line":1,"column":71}},"1":{"start":{"line":2,"column":0},"end":{"line":2,"column":70}},"2":{"start":{"line":3,"column":0},"end":{"line":3,"column":61}},"3":{"start":{"line":4,"column":0},"end":{"line":4,"column":70}},"4":{"start":{"line":5,"column":0},"end":{"line":5,"column":77}},"5":{"start":{"line":6,"column":0},"end":{"line":6,"column":75}},"6":{"start":{"line":7,"column":0},"end":{"line":7,"column":85}},"7":{"start":{"line":8,"column":0},"end":{"line":8,"column":30}},"8":{"start":{"line":9,"column":0},"end":{"line":9,"column":52}},"9":{"start":{"line":11,"column":16},"end":{"line":11,"column":28}},"10":{"start":{"line":14,"column":34},"end":{"line":26,"column":1}},"11":{"start":{"line":15,"column":2},"end":{"line":25,"column":3}},"12":{"start":{"line":17,"column":28},"end":{"line":19,"column":12}},"13":{"start":{"line":21,"column":4},"end":{"line":21,"column":63}},"14":{"start":{"line":23,"column":4},"end":{"line":23,"column":83}},"15":{"start":{"line":24,"column":4},"end":{"line":24,"column":17}},"16":{"start":{"line":29,"column":33},"end":{"line":41,"column":1}},"17":{"start":{"line":30,"column":2},"end":{"line":40,"column":3}},"18":{"start":{"line":32,"column":17},"end":{"line":34,"column":6}},"19":{"start":{"line":36,"column":4},"end":{"line":36,"column":44}},"20":{"start":{"line":37,"column":4},"end":{"line":37,"column":88}},"21":{"start":{"line":39,"column":4},"end":{"line":39,"column":97}},"22":{"start":{"line":44,"column":30},"end":{"line":87,"column":1}},"23":{"start":{"line":45,"column":2},"end":{"line":86,"column":3}},"24":{"start":{"line":46,"column":4},"end":{"line":46,"column":84}},"25":{"start":{"line":49,"column":4},"end":{"line":52,"column":5}},"26":{"start":{"line":50,"column":6},"end":{"line":50,"column":100}},"27":{"start":{"line":51,"column":6},"end":{"line":51,"column":13}},"28":{"start":{"line":54,"column":4},"end":{"line":54,"column":93}},"29":{"start":{"line":57,"column":4},"end":{"line":57,"column":61}},"30":{"start":{"line":58,"column":4},"end":{"line":58,"column":41}},"31":{"start":{"line":61,"column":4},"end":{"line":61,"column":57}},"32":{"start":{"line":62,"column":4},"end":{"line":62,"column":45}},"33":{"start":{"line":64,"column":4},"end":{"line":64,"column":55}},"34":{"start":{"line":65,"column":4},"end":{"line":65,"column":41}},"35":{"start":{"line":67,"column":4},"end":{"line":67,"column":60}},"36":{"start":{"line":68,"column":4},"end":{"line":68,"column":45}},"37":{"start":{"line":70,"column":4},"end":{"line":70,"column":70}},"38":{"start":{"line":71,"column":4},"end":{"line":71,"column":53}},"39":{"start":{"line":73,"column":4},"end":{"line":73,"column":62}},"40":{"start":{"line":74,"column":4},"end":{"line":74,"column":49}},"41":{"start":{"line":76,"column":4},"end":{"line":76,"column":62}},"42":{"start":{"line":77,"column":4},"end":{"line":77,"column":48}},"43":{"start":{"line":80,"column":4},"end":{"line":80,"column":31}},"44":{"start":{"line":82,"column":4},"end":{"line":82,"column":74}},"45":{"start":{"line":84,"column":4},"end":{"line":84,"column":81}},"46":{"start":{"line":85,"column":4},"end":{"line":85,"column":16}},"47":{"start":{"line":44,"column":13},"end":{"line":44,"column":30}},"48":{"start":{"line":90,"column":29},"end":{"line":115,"column":1}},"49":{"start":{"line":91,"column":2},"end":{"line":114,"column":3}},"50":{"start":{"line":94,"column":24},"end":{"line":99,"column":12}},"51":{"start":{"line":101,"column":21},"end":{"line":101,"column":67}},"52":{"start":{"line":101,"column":51},"end":{"line":101,"column":66}},"53":{"start":{"line":102,"column":23},"end":{"line":102,"column":88}},"54":{"start":{"line":102,"column":69},"end":{"line":102,"column":84}},"55":{"start":{"line":104,"column":4},"end":{"line":107,"column":6}},"56":{"start":{"line":109,"column":4},"end":{"line":109,"column":89}},"57":{"start":{"line":110,"column":4},"end":{"line":113,"column":6}},"58":{"start":{"line":90,"column":13},"end":{"line":90,"column":29}},"59":{"start":{"line":124,"column":31},"end":{"line":150,"column":1}},"60":{"start":{"line":125,"column":2},"end":{"line":149,"column":3}},"61":{"start":{"line":127,"column":4},"end":{"line":139,"column":5}},"62":{"start":{"line":128,"column":25},"end":{"line":133,"column":8}},"63":{"start":{"line":131,"column":59},"end":{"line":131,"column":62}},"64":{"start":{"line":135,"column":24},"end":{"line":135,"column":48}},"65":{"start":{"line":136,"column":6},"end":{"line":136,"column":53}},"66":{"start":{"line":138,"column":6},"end":{"line":138,"column":18}},"67":{"start":{"line":143,"column":4},"end":{"line":143,"column":100}},"68":{"start":{"line":145,"column":4},"end":{"line":145,"column":16}},"69":{"start":{"line":147,"column":4},"end":{"line":147,"column":75}},"70":{"start":{"line":148,"column":4},"end":{"line":148,"column":17}},"71":{"start":{"line":124,"column":13},"end":{"line":124,"column":31}},"72":{"start":{"line":153,"column":46},"end":{"line":167,"column":1}},"73":{"start":{"line":154,"column":2},"end":{"line":154,"column":101}},"74":{"start":{"line":156,"column":2},"end":{"line":166,"column":3}},"75":{"start":{"line":158,"column":4},"end":{"line":163,"column":5}},"76":{"start":{"line":159,"column":6},"end":{"line":159,"column":100}},"77":{"start":{"line":160,"column":6},"end":{"line":160,"column":29}},"78":{"start":{"line":162,"column":6},"end":{"line":162,"column":94}},"79":{"start":{"line":165,"column":4},"end":{"line":165,"column":96}},"80":{"start":{"line":153,"column":13},"end":{"line":153,"column":46}}},"fnMap":{"0":{"name":"(anonymous_1)","decl":{"start":{"line":14,"column":34},"end":{"line":14,"column":46}},"loc":{"start":{"line":14,"column":48},"end":{"line":26,"column":1}}},"1":{"name":"(anonymous_2)","decl":{"start":{"line":29,"column":33},"end":{"line":29,"column":42}},"loc":{"start":{"line":29,"column":44},"end":{"line":41,"column":1}}},"2":{"name":"(anonymous_3)","decl":{"start":{"line":44,"column":30},"end":{"line":44,
[...]
":{"start":{"line":19,"column":4},"end":{"line":19,"column":36}},"5":{"start":{"line":20,"column":4},"end":{"line":20,"column":33}},"6":{"start":{"line":21,"column":4},"end":{"line":21,"column":37}},"7":{"start":{"line":22,"column":4},"end":{"line":22,"column":30}},"8":{"start":{"line":23,"column":4},"end":{"line":23,"column":31}},"9":{"start":{"line":24,"column":4},"end":{"line":24,"column":33}},"10":{"start":{"line":25,"column":4},"end":{"line":25,"column":34}},"11":{"start":{"line":26,"column":4},"end":{"line":26,"column":33}},"12":{"start":{"line":27,"column":4},"end":{"line":27,"column":33}},"13":{"start":{"line":28,"column":4},"end":{"line":28,"column":34}},"14":{"start":{"line":29,"column":4},"end":{"line":29,"column":32}},"15":{"start":{"line":30,"column":4},"end":{"line":30,"column":12}},"16":{"start":{"line":33,"column":4},"end":{"line":33,"column":39}},"17":{"start":{"line":34,"column":4},"end":{"line":47,"column":7}},"18":{"start":{"line":35,"column":6},"end":{"line":41,"column":7}},"19":{"start":{"line":36,"column":8},"end":{"line":36,"column":40}},"20":{"start":{"line":37,"column":8},"end":{"line":37,"column":36}},"21":{"start":{"line":38,"column":8},"end":{"line":38,"column":36}},"22":{"start":{"line":39,"column":8},"end":{"line":39,"column":36}},"23":{"start":{"line":40,"column":8},"end":{"line":40,"column":37}},"24":{"start":{"line":42,"column":6},"end":{"line":42,"column":67}},"25":{"start":{"line":43,"column":6},"end":{"line":43,"column":60}},"26":{"start":{"line":44,"column":6},"end":{"line":44,"column":57}},"27":{"start":{"line":45,"column":6},"end":{"line":45,"column":56}},"28":{"start":{"line":46,"column":6},"end":{"line":46,"column":13}},"29":{"start":{"line":49,"column":4},"end":{"line":49,"column":54}},"30":{"start":{"line":50,"column":4},"end":{"line":50,"column":12}},"31":{"start":{"line":53,"column":2},"end":{"line":53,"column":11}},"32":{"start":{"line":14,"column":13},"end":{"line":14,"column":34}}},"fnMap":{"0":{"name":"(anonymous_0)","decl":{"start":{"line":14,"column":34},"end":{"line":14,"column":35}},"loc":{"start":{"line":14,"column":98},"end":{"line":54,"column":1}}},"1":{"name":"(anonymous_1)","decl":{"start":{"line":34,"column":21},"end":{"line":34,"column":22}},"loc":{"start":{"line":34,"column":40},"end":{"line":47,"column":5}}}},"branchMap":{"0":{"loc":{"start":{"line":17,"column":2},"end":{"line":51,"column":3}},"type":"if","locations":[{"start":{"line":17,"column":2},"end":{"line":51,"column":3}},{"start":{"line":48,"column":9},"end":{"line":51,"column":3}}]},"1":{"loc":{"start":{"line":35,"column":6},"end":{"line":41,"column":7}},"type":"if","locations":[{"start":{"line":35,"column":6},"end":{"line":41,"column":7}}]}},"s":{"0":0,"1":0,"2":0,"3":0,"4":0,"5":0,"6":0,"7":0,"8":0,"9":0,"10":0,"11":0,"12":0,"13":0,"14":0,"15":0,"16":0,"17":0,"18":0,"19":0,"20":0,"21":0,"22":0,"23":0,"24":0,"25":0,"26":0,"27":0,"28":0,"29":0,"30":0,"31":0,"32":0},"f":{"0":0,"1":0},"b":{"0":[0,0],"1":[0]}}
,"C:\\Users\\ouali\\SmartM\\src\\utils\\pdf\\sections\\equipmentFailuresSection.ts": {"path":"C:\\Users\\ouali\\SmartM\\src\\utils\\pdf\\sections\\equipmentFailuresSection.ts","statementMap":{"0":{"start":{"line":3,"column":0},"end":{"line":3,"column":71}},"1":{"start":{"line":14,"column":43},"end":{"line":58,"column":1}},"2":{"start":{"line":15,"column":2},"end":{"line":15,"column":54}},"3":{"start":{"line":17,"column":2},"end":{"line":55,"column":3}},"4":{"start":{"line":19,"column":4},"end":{"line":19,"column":36}},"5":{"start":{"line":20,"column":4},"end":{"line":20,"column":33}},"6":{"start":{"line":21,"column":4},"end":{"line":21,"column":37}},"7":{"start":{"line":22,"column":4},"end":{"line":22,"column":30}},"8":{"start":{"line":23,"column":4},"end":{"line":23,"column":32}},"9":{"start":{"line":25,"column":4},"end":{"line":25,"column":33}},"10":{"start":{"line":26,"column":4},"end":{"line":26,"column":32}},"11":{"start":{"line":28,"column":4},"end":{"line":28,"column":33}},"12":{"start":{"line":29,"column":4},"end":{"line":29,"column":39}},"13":{"start":{"line":31,"column":4},"end":{"line":31,"column":34}},"14":{"start":{"line":32,"column":4},"end":{"line":32,"column":38}},"15":{"start":{"line":34,"column":4},"end":{"line":34,"column":12}},"16":{"start":{"line":37,"column":4},"end":{"line":37,"column":39}},"17":{"start":{"line":38,"column":4},"end":{"line":51,"column":7}},"18":{"start":{"line":39,"column":6},"end":{"line":45,"column":7}},"19":{"start":{"line":40,"column":8},"end":{"line":40,"column":40}},"20":{"start":{"line":41,"column":8},"end":{"line":41,"column":36}},"21":{"start":{"line":42,"column":8},"end":{"line":42,"column":36}},"22":{"start":{"line":43,"column":8},"end":{"line":43,"column":36}},"23":{"start":{"line":44,"column":8},"end":{"line":44,"column":37}},"24":{"start":{"line":46,"column":6},"end":{"line":46,"column":66}},"25":{"start":{"line":47,"column":6},"end":{"line":47,"column":60}},"26":{"start":{"line":48,"column":6},"end":{"line":48,"column":64}},"27":{"start":{"line":49,"column":6},"end":{"line":49,"column":73}},"28":{"start":{"line":50,"column":6},"end":{"line":50,"column":13}},"29":{"start":{"line":53,"column":4},"end":{"line":53,"column":53}},"30":{"start":{"line":54,"column":4},"end":{"line":54,"column":12}},"31":{"start":{"line":57,"column":2},"end":{"line":57,"column":11}},"32":{"start":{"line":14,"column":13},"end":{"line":14,"column":43}}},"fnMap":{"0":{"name":"(anonymous_0)","decl":{"start":{"line":14,"column":43},"end":{"line":14,"column":44}},"loc":{"start":{"line":14,"column":116},"end":{"line":58,"column":1}}},"1":{"name":"(anonymous_1)","decl":{"start":{"line":38,"column":30},"end":{"line":38,"column":31}},"loc":{"start":{"line":38,"column":49},"end":{"line":51,"column":5}}}},"branchMap":{"0":{"loc":{"start":{"line":17,"column":2},"end":{"line":55,"column":3}},"type":"if","locations":[{"start":{"line":17,"column":2},"end":{"line":55,"column":3}},{"start":{"line":52,"column":9},"end":{"line":55,"column":3}}]},"1":{"loc":{"start":{"line":39,"column":6},"end":{"line":45,"column":7}},"type":"if","locations":[{"start":{"line":39,"column":6},"end":{"line":45,"column":7}}]},"2":{"loc":{"start":{"line":49,"column":28},"end":{"line":49,"column":54}},"type":"binary-expr","locations":[{"start":{"line":49,"column":28},"end":{"line":49,"column":45}},{"start":{"line":49,"column":49},"end":{"line":49,"column":54}}]}},"s":{"0":0,"1":0,"2":0,"3":0,"4":0,"5":0,"6":0,"7":0,"8":0,"9":0,"10":0,"11":0,"12":0,"13":0,"14":0,"15":0,"16":0,"17":0,"18":0,"19":0,"20":0,"21":0,"22":0,"23":0,"24":0,"25":0,"26":0,"27":0,"28":0,"29":0,"30":0,"31":0,"32":0},"f":{"0":0,"1":0},"b":{"0":[0,0],"1":[0],"2":[0,0]}}
,"C:\\Users\\ouali\\SmartM\\src\\utils\\pdf\\sections\\equipmentSection.ts": {"path":"C:\\Users\\ouali\\SmartM\\src\\utils\\pdf\\sections\\equipmentSection.ts","statementMap":{"0":{"start":{"line":3,"column":0},"end":{"line":3,"column":85}},"1":{"start":{"line":14,"column":35},"end":{"line":54,"column":1}},"2":{"start":{"line":15,"column":2},"end":{"line":15,"column":45}},"3":{"start":{"line":17,"column":2},"end":{"line":51,"column":3}},"4":{"start":{"line":19,"column":4},"end":{"line":19,"column":36}},"5":{"start":{"line":20,"column":4},"end":{"line":20,"column":33}},"6":{"start":{"line":21,"column":4},"end":{"line":21,"column":37}},"7":{"start":{"line":22,"column":4},"end":{"line":22,"column":30}},"8":{"start":{"line":23,"column":4},"end":{"line":23,"column":31}},"9":{"start":{"line":24,"column":4},"end":{"line":24,"column":33}},"10":{"start":{"line":25,"column":4},"end":{"line":25,"column":35}},"11":{"start":{"line":26,"column":4},"end":{"line":26,"column":33}},"12":{"start":{"line":27,"column":4},"end":{"line":27,"column":34}},"13":{"start":{"line":28,"column":4},"end":{"line":28,"column":12}},"14":{"start":{"line":31,"column":4},"end":{"line":31,"column":39}},"15":{"start":{"line":32,"column":4},"end":{"line":47,"column":7}},"16":{"start":{"line":33,"column":6},"end":{"line":38,"column":7}},"17":{"start":{"line":34,"column":8},"end":{"line":34,"column":40}},"18":{"start":{"line":35,"column":8},"end":{"line":35,"column":36}},"19":{"start":{"line":36,"column":8},"end":{"line":36,"column":36}},"20":{"start":{"line":37,"column":8},"end":{"line":37,"column":36}},"21":{"start":{"line":39,"column":6},"end":{"line":39,"column":60}},"22":{"start":{"line":40,"column":6},"end":{"line":40,"column":63}},"23":{"start":{"line":43,"column":25},"end":{"line":43,"column":67}},"24":{"start":{"line":45,"column":6},"end":{"line":45,"column":38}},"25":{"start":{"line":46,"column":6},"end":{"line":46,"column":13}},"26":{"start":{"line":49,"column":4},"end":{"line":49,"column":55}},"27":{"start":{"line":50,"column":4},"end":{"line":50,"column":12}},"28":{"start":{"line":53,"column":2},"end":{"line":53,"column":11}},"29":{"start":{"line":14,"column":13},"end":{"line":14,"column":35}}},"fnMap":{"0":{"name":"(anonymous_0)","decl":{"start":{"line":14,"column":35},"end":{"line":14,"column":36}},"loc":{"start":{"line":14,"column":97},"end":{"line":54,"column":1}}},"1":{"name":"(anonymous_1)","decl":{"start":{"line":32,"column":26},"end":{"line":32,"column":27}},"loc":{"start":{"line":32,"column":47},"end":{"line":47,"column":5}}}},"branchMap":{"0":{"loc":{"start":{"line":17,"column":2},"end":{"line":51,"column":3}},"type":"if","locations":[{"start":{"line":17,"column":2},"end":{"line":51,"column":3}},{"start":{"line":48,"column":9},"end":{"line":51,"column":3}}]},"1":{"loc":{"start":{"line":33,"column":6},"end":{"line":38,"column":7}},"type":"if","locations":[{"start":{"line":33,"column":6},"end":{"line":38,"column":7}}]}},"s":{"0":0,"1":0,"2":0,"3":0,"4":0,"5":0,"6":0,"7":0,"8":0,"9":0,"10":0,"11":0,"12":0,"13":0,"14":0,"15":0,"16":0,"17":0,"18":0,"19":0,"20":0,"21":0,"22":0,"23":0,"24":0,"25":0,"26":0,"27":0,"28":0,"29":0},"f":{"0":0,"1":0},"b":{"0":[0,0],"1":[0]}}
,"C:\\Users\\ouali\\SmartM\\src\\utils\\pdf\\sections\\instancesSection.ts": {"path":"C:\\Users\\ouali\\SmartM\\src\\utils\\pdf\\sections\\instancesSection.ts","statementMap":{"0":{"start":{"line":3,"column":0},"end":{"line":3,"column":90}},"1":{"start":{"line":14,"column":35},"end":{"line":98,"column":1}},"2":{"start":{"line":15,"column":2},"end":{"line":15,"column":43}},"3":{"start":{"line":17,"column":2},"end":{"line":95,"column":3}},"4":{"start":{"line":19,"column":4},"end":{"line":19,"column":36}},"5":{"start":{"line":20,"column":4},"end":{"line":20,"column":33}},"6":{"start":{"line":21,"column":4},"end":{"line":21,"column":37}},"7":{"start":{"line":22,"column":4},"end":{"line":22,"column":30}},"8":{"start":{"line":23,"column":4},"end":{"line":23,"column":30}},"9":{"start":{"line":25,"column":4},"end":{"line":25,"column":33}},"10":{"start":{"line":26,"column":4},"end":{"line":26,"column":33}},"11":{"start":{"line":28,"column":4},"end":{"line":28,"column":33}},"12":{"start":{"line":29,"column":4},"end":{"line":29,"column":37}},"13":{"start":{"line":31,"column":4},"end":{"line":31,"column":33}},"14":{"start":{"line":32,"column":4},"end":{"line":32,"column":37}},"15":{"start":{"line":34,"column":4},"end":{"line":34,"column":34}},"16":{"start":{"line":35,"column":4},"end":{"line":35,"column":37}},"17":{"start":{"line":37,"column":4},"end":{"line":37,"column":34}},"18":{"start":{"line":38,"column":4},"end":{"line":38,"column":35}},"19":{"start":{"line":40,"column":4},"end":{"line":40,"column":12}},"20":{"start":{"line":43,"column":4},"end":{"line":43,"column":39}},"21":{"start":{"line":44,"column":4},"end":{"line":91,"column":7}},"22":{"start":{"line":45,"column":6},"end":{"line":68,"column":7}},"23":{"start":{"line":46,"column":8},"end":{"line":46,"column":22}},"24":{"start":{"line":47,"column":8},"end":{"line":47,"column":15}},"25":{"start":{"line":50,"column":8},"end":{"line":50,"column":40}},"26":{"start":{"line":51,"column":8},"end":{"line":51,"column":37}},"27":{"start":{"line":52,"column":8},"end":{"line":52,"column":37}},"28":{"start":{"line":53,"column":8},"end":{"line":53,"column":37}},"29":{"start":{"line":54,"column":8},"end":{"line":54,"column":37}},"30":{"start":{"line":55,"column":8},"end":{"line":55,"column":38}},"31":{"start":{"line":56,"column":8},"end":{"line":56,"column":38}},"32":{"start":{"line":58,"column":8},"end":{"line":58,"column":41}},"33":{"start":{"line":59,"column":8},"end":{"line":59,"column":34}},"34":{"start":{"line":60,"column":8},"end":{"line":60,"column":37}},"35":{"start":{"line":61,"column":8},"end":{"line":61,"column":41}},"36":{"start":{"line":62,"column":8},"end":{"line":62,"column":41}},"37":{"start":{"line":63,"column":8},"end":{"line":63,"column":41}},"38":{"start":{"line":64,"column":8},"end":{"line":64,"column":39}},"39":{"start":{"line":66,"column":8},"end":{"line":66,"column":16}},"40":{"start":{"line":67,"column":8},"end":{"line":67,"column":43}},"41":{"start":{"line":70,"column":6},"end":{"line":78,"column":7}},"42":{"start":{"line":71,"column":8},"end":{"line":71,"column":40}},"43":{"start":{"line":72,"column":8},"end":{"line":72,"column":36}},"44":{"start":{"line":73,"column":8},"end":{"line":73,"column":36}},"45":{"start":{"line":74,"column":8},"end":{"line":74,"column":36}},"46":{"start":{"line":75,"column":8},"end":{"line":75,"column":36}},"47":{"start":{"line":76,"column":8},"end":{"line":76,"column":37}},"48":{"start":{"line":77,"column":8},"end":{"line":77,"column":37}},"49":{"start":{"line":81,"column":28},"end":{"line":81,"column":64}},"50":{"start":{"line":83,"column":6},"end":{"line":83,"column":50}},"51":{"start":{"line":84,"column":6},"end":{"line":84,"column":60}},"52":{"start":{"line":85,"column":6},"end":{"line":85,"column":41}},"53":{"start":{"line":86,"column":6},"end":{"line":86,"column":63}},"54":{"start":{"line":87,"column":6},"end":{"line":87,"column":57}},"55":{"start":{"line":88,"column":6},"end":{"line":88,"column":85}},"56":{"start":{"line":90,"column":6},"end":{"line":90,"column":13}},"57":{"start":{"line":93,"column":4},"end":{"line":93,"column":55}},"58":{"start":{"line":94,"column":4},"end":{"line":94,"column":12}},"59":{"start":{"line":97,"column":2},"end":{"line":97,"column":11}},"60":{"start":{"line":14,"column":13},"end":{"line":14,"column":35}}},"fnMap":{"0":{"name":"(anonymous_0)","decl":{"start":{"line":14,"column":35},"end":{"line":14,"column":36}},"loc":{"start":{"line":14,"column":92},"end":{"line":98,"column":1}}},"1":{"name":"(anonymous_1)","decl":{"start":{"line":44,"column":22},"end":{"line":44,"column":23}},"loc":{"start":{"line":44,"column":42},"end":{"line":91,"column":5}}}},"branchMap":{"0":{"loc":{"start":{"line":17,"column":2},"end":{"line":95,"column":3}},"type":"if","locations":[{"start":{"line":17,"column":2},"end":{"line":95,"column":3}},{"start":{"line":92,"column":9},"end":{"line":95,"column":3}}]},"1":{"loc":{"start":{"line":45,"column":6},"end":{"line":68,"column":7}},"type":"if","locations":[{"start":{"line":45,"column":6},"end":{"line":68,"column":7}}]},"2":{"loc":{"start":{"line":70,"column":6},"end":{"line":78,"column":7}},"type":"if","locations":[{"start":{"line":70,"column":6},"end":{"line":78,"column":7}}]},"3":{"loc":{"start":{"line":88,"column":15},"end":{"line":88,"column":71}},"type":"cond-expr","locations":[{"start":{"line":88,"column":49},"end":{"line":88,"column":59}},{"start":{"line":88,"column":62},"end":{"line":88,"column":71}}]}},"s":{"0":0,"1":0,"2":0,"3":0,"4":0,"5":0,"6":0,"7":0,"8":0,"9":0,"10":0,"11":0,"12":0,"13":0,"14":0,"15":0,"16":0,"17":0,"18":0,"19":0,"20":0,"21":0,"22":0,"23":0,"24":0,"25":0,"26":0,"27":0,"28":0,"29":0,"30":0,"31":0,"32":0,"33":0,"34":0,"35":0,"36":0,"37":0,"38":0,"39":0,"40":0,"41":0,"42":0,"43":0,"44":0,"45":0,"46":0,"47":0,"48":0,"49":0,"50":0,"51":0,"52":0,"53":0,"54":0,"55":0,"56":0,"57":0,"58":0,"59":0,"60":0},"f":{"0":0,"1":0},"b":{"0":[0,0],"1":[0],"2":[0],"3":[0,0]}}
,"C:\\Users\\ouali\\SmartM\\src\\utils\\pdf\\sections\\operabilitySection.ts": {"path":"C:\\Users\\ouali\\SmartM\\src\\utils\\pdf\\sections\\operabilitySection.ts","statementMap":{"0":{"start":{"line":3,"column":0},"end":{"line":3,"column":45}},"1":{"start":{"line":13,"column":37},"end":{"line":22,"column":1}},"2":{"start":{"line":14,"column":2},"end":{"line":14,"column":45}},"3":{"start":{"line":16,"column":2},"end":{"line":16,"column":22}},"4":{"start":{"line":17,"column":2},"end":{"line":17,"column":28}},"5":{"start":{"line":18,"column":2},"end":{"line":18,"column":37}},"6":{"start":{"line":19,"column":2},"end":{"line":19,"column":57}},"7":{"start":{"line":21,"column":2},"end":{"line":21,"column":16}},"8":{"start":{"line":13,"column":13},"end":{"line":13,"column":37}}},"fnMap":{"0":{"name":"(anonymous_0)","decl":{"start":{"line":13,"column":37},"end":{"line":13,"column":38}},"loc":{"start":{"line":13,"column":92},"end":{"line":22,"column":1}}}},"branchMap":{},"s":{"0":0,"1":0,"2":0,"3":0,"4":0,"5":0,"6":0,"7":0,"8":0},"f":{"0":0},"b":{}}
,"C:\\Users\\ouali\\SmartM\\src\\utils\\pdf\\sections\\personnelSection.ts": {"path":"C:\\Users\\ouali\\SmartM\\src\\utils\\pdf\\sections\\personnelSection.ts","statementMap":{"0":{"start":{"line":3,"column":0},"end":{"line":3,"column":71}},"1":{"start":{"line":14,"column":35},"end":{"line":50,"column":1}},"2":{"start":{"line":15,"column":2},"end":{"line":15,"column":43}},"3":{"start":{"line":17,"column":2},"end":{"line":47,"column":3}},"4":{"start":{"line":19,"column":4},"end":{"line":19,"column":36}},"5":{"start":{"line":20,"column":4},"end":{"line":20,"column":33}},"6":{"start":{"line":21,"column":4},"end":{"line":21,"column":37}},"7":{"start":{"line":22,"column":4},"end":{"line":22,"column":30}},"8":{"start":{"line":23,"column":4},"end":{"line":23,"column":31}},"9":{"start":{"line":24,"column":4},"end":{"line":24,"column":33}},"10":{"start":{"line":25,"column":4},"end":{"line":25,"column":36}},"11":{"start":{"line":26,"column":4},"end":{"line":26,"column":34}},"12":{"start":{"line":27,"column":4},"end":{"line":27,"column":45}},"13":{"start":{"line":28,"column":4},"end":{"line":28,"column":12}},"14":{"start":{"line":31,"column":4},"end":{"line":31,"column":39}},"15":{"start":{"line":32,"column":4},"end":{"line":43,"column":7}},"16":{"start":{"line":33,"column":6},"end":{"line":38,"column":7}},"17":{"start":{"line":34,"column":8},"end":{"line":34,"column":40}},"18":{"start":{"line":35,"column":8},"end":{"line":35,"column":36}},"19":{"start":{"line":36,"column":8},"end":{"line":36,"column":36}},"20":{"start":{"line":37,"column":8},"end":{"line":37,"column":37}},"21":{"start":{"line":39,"column":6},"end":{"line":39,"column":60}},"22":{"start":{"line":40,"column":6},"end":{"line":40,"column":60}},"23":{"start":{"line":41,"column":6},"end":{"line":41,"column":60}},"24":{"start":{"line":42,"column":6},"end":{"line":42,"column":13}},"25":{"start":{"line":45,"column":4},"end":{"line":45,"column":54}},"26":{"start":{"line":46,"column":4},"end":{"line":46,"column":12}},"27":{"start":{"line":49,"column":2},"end":{"line":49,"column":11}},"28":{"start":{"line":14,"column":13},"end":{"line":14,"column":35}}},"fnMap":{"0":{"name":"(anonymous_0)","decl":{"start":{"line":14,"column":35},"end":{"line":14,"column":36}},"loc":{"start":{"line":14,"column":97},"end":{"line":50,"column":1}}},"1":{"name":"(anonymous_1)","decl":{"start":{"line":32,"column":26},"end":{"line":32,"column":27}},"loc":{"start":{"line":32,"column":47},"end":{"line":43,"column":5}}}},"branchMap":{"0":{"loc":{"start":{"line":17,"column":2},"end":{"line":47,"column":3}},"type":"if","locations":[{"start":{"line":17,"column":2},"end":{"line":47,"column":3}},{"start":{"line":44,"column":9},"end":{"line":47,"column":3}}]},"1":{"loc":{"start":{"line":33,"column":6},"end":{"line":38,"column":7}},"type":"if","locations":[{"start":{"line":33,"column":6},"end":{"line":38,"column":7}}]}},"s":{"0":0,"1":0,"2":0,"3":0,"4":0,"5":0,"6":0,"7":0,"8":0,"9":0,"10":0,"11":0,"12":0,"13":0,"14":0,"15":0,"16":0,"17":0,"18":0,"19":0,"20":0,"21":0,"22":0,"23":0,"24":0,"25":0,"26":0,"27":0,"28":0},"f":{"0":0,"1":0},"b":{"0":[0,0],"1":[0]}}
}
